26-Apr-2018 10:41:53.583 信息 [main] org.apache.catalina.startup.VersionLoggerListener.log Server version:        Apache Tomcat/8.0.51
26-Apr-2018 10:41:53.643 信息 [main] org.apache.catalina.startup.VersionLoggerListener.log Server built:          Apr 9 2018 21:20:15 UTC
26-Apr-2018 10:41:53.643 信息 [main] org.apache.catalina.startup.VersionLoggerListener.log Server number:         8.0.51.0
26-Apr-2018 10:41:53.643 信息 [main] org.apache.catalina.startup.VersionLoggerListener.log OS Name:               Windows 7
26-Apr-2018 10:41:53.643 信息 [main] org.apache.catalina.startup.VersionLoggerListener.log OS Version:            6.1
26-Apr-2018 10:41:53.653 信息 [main] org.apache.catalina.startup.VersionLoggerListener.log Architecture:          amd64
26-Apr-2018 10:41:53.653 信息 [main] org.apache.catalina.startup.VersionLoggerListener.log Java Home:             D:\Program Files\Java\jdk1.8.0_131\jre
26-Apr-2018 10:41:53.653 信息 [main] org.apache.catalina.startup.VersionLoggerListener.log JVM Version:           1.8.0_131-b11
26-Apr-2018 10:41:53.653 信息 [main] org.apache.catalina.startup.VersionLoggerListener.log JVM Vendor:            Oracle Corporation
26-Apr-2018 10:41:53.653 信息 [main] org.apache.catalina.startup.VersionLoggerListener.log CATALINA_BASE:         D:\javaBag\learnJava\solr\apache-tomcat-8.0.51
26-Apr-2018 10:41:53.653 信息 [main] org.apache.catalina.startup.VersionLoggerListener.log CATALINA_HOME:         D:\javaBag\learnJava\solr\apache-tomcat-8.0.51
26-Apr-2018 10:41:53.653 信息 [main] org.apache.catalina.startup.VersionLoggerListener.log Command line argument: -Djava.util.logging.config.file=D:\javaBag\learnJava\solr\apache-tomcat-8.0.51\conf\logging.properties
26-Apr-2018 10:41:53.653 信息 [main] org.apache.catalina.startup.VersionLoggerListener.log Command line argument: -Djava.util.logging.manager=org.apache.juli.ClassLoaderLogManager
26-Apr-2018 10:41:53.653 信息 [main] org.apache.catalina.startup.VersionLoggerListener.log Command line argument: -Djdk.tls.ephemeralDHKeySize=2048
26-Apr-2018 10:41:53.663 信息 [main] org.apache.catalina.startup.VersionLoggerListener.log Command line argument: -Djava.protocol.handler.pkgs=org.apache.catalina.webresources
26-Apr-2018 10:41:53.663 信息 [main] org.apache.catalina.startup.VersionLoggerListener.log Command line argument: -Dignore.endorsed.dirs=
26-Apr-2018 10:41:53.663 信息 [main] org.apache.catalina.startup.VersionLoggerListener.log Command line argument: -Dcatalina.base=D:\javaBag\learnJava\solr\apache-tomcat-8.0.51
26-Apr-2018 10:41:53.663 信息 [main] org.apache.catalina.startup.VersionLoggerListener.log Command line argument: -Dcatalina.home=D:\javaBag\learnJava\solr\apache-tomcat-8.0.51
26-Apr-2018 10:41:53.663 信息 [main] org.apache.catalina.startup.VersionLoggerListener.log Command line argument: -Djava.io.tmpdir=D:\javaBag\learnJava\solr\apache-tomcat-8.0.51\temp
26-Apr-2018 10:41:53.673 信息 [main] org.apache.catalina.core.AprLifecycleListener.lifecycleEvent Loaded APR based Apache Tomcat Native library 1.2.16 using APR version 1.6.3.
26-Apr-2018 10:41:53.673 信息 [main] org.apache.catalina.core.AprLifecycleListener.lifecycleEvent APR capabilities: IPv6 [true], sendfile [true], accept filters [false], random [true].
26-Apr-2018 10:41:54.793 信息 [main] org.apache.catalina.core.AprLifecycleListener.initializeSSL OpenSSL successfully initialized (OpenSSL 1.0.2m  2 Nov 2017)
26-Apr-2018 10:41:57.923 信息 [main] org.apache.coyote.AbstractProtocol.init Initializing ProtocolHandler ["http-apr-8100"]
26-Apr-2018 10:41:57.983 信息 [main] org.apache.coyote.AbstractProtocol.init Initializing ProtocolHandler ["ajp-apr-8029"]
26-Apr-2018 10:41:57.983 信息 [main] org.apache.catalina.startup.Catalina.load Initialization processed in 8056 ms
26-Apr-2018 10:41:58.623 信息 [main] org.apache.catalina.core.StandardService.startInternal Starting service Catalina
26-Apr-2018 10:41:58.633 信息 [main] org.apache.catalina.core.StandardEngine.startInternal Starting Servlet Engine: Apache Tomcat/8.0.51
26-Apr-2018 10:41:58.933 信息 [localhost-startStop-1] org.apache.catalina.startup.HostConfig.deployDirectory Deploying web application directory D:\javaBag\learnJava\solr\apache-tomcat-8.0.51\webapps\docs
26-Apr-2018 10:42:22.713 警告 [localhost-startStop-1] org.apache.catalina.util.SessionIdGeneratorBase.createSecureRandom Creation of SecureRandom instance for session ID generation using [SHA1PRNG] took [20,120] milliseconds.
26-Apr-2018 10:42:23.004 信息 [localhost-startStop-1] org.apache.catalina.startup.HostConfig.deployDirectory Deployment of web application directory D:\javaBag\learnJava\solr\apache-tomcat-8.0.51\webapps\docs has finished in 24,071 ms
26-Apr-2018 10:42:23.004 信息 [localhost-startStop-1] org.apache.catalina.startup.HostConfig.deployDirectory Deploying web application directory D:\javaBag\learnJava\solr\apache-tomcat-8.0.51\webapps\examples
26-Apr-2018 10:42:24.336 信息 [localhost-startStop-1] org.apache.catalina.startup.HostConfig.deployDirectory Deployment of web application directory D:\javaBag\learnJava\solr\apache-tomcat-8.0.51\webapps\examples has finished in 1,332 ms
26-Apr-2018 10:42:24.346 信息 [localhost-startStop-1] org.apache.catalina.startup.HostConfig.deployDirectory Deploying web application directory D:\javaBag\learnJava\solr\apache-tomcat-8.0.51\webapps\host-manager
26-Apr-2018 10:42:24.436 信息 [localhost-startStop-1] org.apache.catalina.startup.HostConfig.deployDirectory Deployment of web application directory D:\javaBag\learnJava\solr\apache-tomcat-8.0.51\webapps\host-manager has finished in 90 ms
26-Apr-2018 10:42:24.436 信息 [localhost-startStop-1] org.apache.catalina.startup.HostConfig.deployDirectory Deploying web application directory D:\javaBag\learnJava\solr\apache-tomcat-8.0.51\webapps\manager
26-Apr-2018 10:42:24.526 信息 [localhost-startStop-1] org.apache.catalina.startup.HostConfig.deployDirectory Deployment of web application directory D:\javaBag\learnJava\solr\apache-tomcat-8.0.51\webapps\manager has finished in 90 ms
26-Apr-2018 10:42:24.526 信息 [localhost-startStop-1] org.apache.catalina.startup.HostConfig.deployDirectory Deploying web application directory D:\javaBag\learnJava\solr\apache-tomcat-8.0.51\webapps\ROOT
26-Apr-2018 10:42:24.586 信息 [localhost-startStop-1] org.apache.catalina.startup.HostConfig.deployDirectory Deployment of web application directory D:\javaBag\learnJava\solr\apache-tomcat-8.0.51\webapps\ROOT has finished in 60 ms
26-Apr-2018 10:42:24.586 信息 [localhost-startStop-1] org.apache.catalina.startup.HostConfig.deployDirectory Deploying web application directory D:\javaBag\learnJava\solr\apache-tomcat-8.0.51\webapps\solr
26-Apr-2018 10:42:43.794 信息 [localhost-startStop-1] org.apache.jasper.servlet.TldScanner.scanJars At least one JAR was scanned for TLDs yet contained no TLDs. Enable debug logging for this logger for a complete list of JARs that were scanned but no TLDs were found in them. Skipping unneeded JARs during scanning can improve startup time and JSP compilation time.
26-Apr-2018 10:43:05.631 信息 [localhost-startStop-1] org.apache.catalina.startup.HostConfig.deployDirectory Deployment of web application directory D:\javaBag\learnJava\solr\apache-tomcat-8.0.51\webapps\solr has finished in 41,045 ms
26-Apr-2018 10:43:05.641 信息 [main] org.apache.coyote.AbstractProtocol.start Starting ProtocolHandler ["http-apr-8100"]
26-Apr-2018 10:43:05.671 信息 [main] org.apache.coyote.AbstractProtocol.start Starting ProtocolHandler ["ajp-apr-8029"]
26-Apr-2018 10:43:05.691 信息 [main] org.apache.catalina.startup.Catalina.start Server startup in 67705 ms
26-Apr-2018 17:48:36.744 信息 [Thread-4] org.apache.coyote.AbstractProtocol.pause Pausing ProtocolHandler ["http-apr-8100"]
26-Apr-2018 17:48:39.394 信息 [Thread-4] org.apache.coyote.AbstractProtocol.pause Pausing ProtocolHandler ["ajp-apr-8029"]
26-Apr-2018 17:48:39.514 信息 [Thread-4] org.apache.catalina.core.StandardService.stopInternal Stopping service Catalina
