06-May-2018 15:22:44.022 信息 [main] org.apache.catalina.startup.VersionLoggerListener.log Server version:        Apache Tomcat/8.0.51
06-May-2018 15:22:44.055 信息 [main] org.apache.catalina.startup.VersionLoggerListener.log Server built:          Apr 9 2018 21:20:15 UTC
06-May-2018 15:22:44.056 信息 [main] org.apache.catalina.startup.VersionLoggerListener.log Server number:         8.0.51.0
06-May-2018 15:22:44.058 信息 [main] org.apache.catalina.startup.VersionLoggerListener.log OS Name:               Windows 7
06-May-2018 15:22:44.059 信息 [main] org.apache.catalina.startup.VersionLoggerListener.log OS Version:            6.1
06-May-2018 15:22:44.061 信息 [main] org.apache.catalina.startup.VersionLoggerListener.log Architecture:          amd64
06-May-2018 15:22:44.062 信息 [main] org.apache.catalina.startup.VersionLoggerListener.log Java Home:             D:\Program Files\Java\jdk1.8.0_131\jre
06-May-2018 15:22:44.064 信息 [main] org.apache.catalina.startup.VersionLoggerListener.log JVM Version:           1.8.0_131-b11
06-May-2018 15:22:44.065 信息 [main] org.apache.catalina.startup.VersionLoggerListener.log JVM Vendor:            Oracle Corporation
06-May-2018 15:22:44.066 信息 [main] org.apache.catalina.startup.VersionLoggerListener.log CATALINA_BASE:         D:\javaBag\learnJava\solr\apache-tomcat-8.0.51
06-May-2018 15:22:44.067 信息 [main] org.apache.catalina.startup.VersionLoggerListener.log CATALINA_HOME:         D:\javaBag\learnJava\solr\apache-tomcat-8.0.51
06-May-2018 15:22:44.071 信息 [main] org.apache.catalina.startup.VersionLoggerListener.log Command line argument: -Djava.util.logging.config.file=D:\javaBag\learnJava\solr\apache-tomcat-8.0.51\conf\logging.properties
06-May-2018 15:22:44.074 信息 [main] org.apache.catalina.startup.VersionLoggerListener.log Command line argument: -Djava.util.logging.manager=org.apache.juli.ClassLoaderLogManager
06-May-2018 15:22:44.076 信息 [main] org.apache.catalina.startup.VersionLoggerListener.log Command line argument: -Djdk.tls.ephemeralDHKeySize=2048
06-May-2018 15:22:44.082 信息 [main] org.apache.catalina.startup.VersionLoggerListener.log Command line argument: -Djava.protocol.handler.pkgs=org.apache.catalina.webresources
06-May-2018 15:22:44.084 信息 [main] org.apache.catalina.startup.VersionLoggerListener.log Command line argument: -Dignore.endorsed.dirs=
06-May-2018 15:22:44.087 信息 [main] org.apache.catalina.startup.VersionLoggerListener.log Command line argument: -Dcatalina.base=D:\javaBag\learnJava\solr\apache-tomcat-8.0.51
06-May-2018 15:22:44.088 信息 [main] org.apache.catalina.startup.VersionLoggerListener.log Command line argument: -Dcatalina.home=D:\javaBag\learnJava\solr\apache-tomcat-8.0.51
06-May-2018 15:22:44.090 信息 [main] org.apache.catalina.startup.VersionLoggerListener.log Command line argument: -Djava.io.tmpdir=D:\javaBag\learnJava\solr\apache-tomcat-8.0.51\temp
06-May-2018 15:22:44.094 信息 [main] org.apache.catalina.core.AprLifecycleListener.lifecycleEvent Loaded APR based Apache Tomcat Native library 1.2.16 using APR version 1.6.3.
06-May-2018 15:22:44.098 信息 [main] org.apache.catalina.core.AprLifecycleListener.lifecycleEvent APR capabilities: IPv6 [true], sendfile [true], accept filters [false], random [true].
06-May-2018 15:22:45.575 信息 [main] org.apache.catalina.core.AprLifecycleListener.initializeSSL OpenSSL successfully initialized (OpenSSL 1.0.2m  2 Nov 2017)
06-May-2018 15:22:46.945 信息 [main] org.apache.coyote.AbstractProtocol.init Initializing ProtocolHandler ["http-apr-8100"]
06-May-2018 15:22:47.056 信息 [main] org.apache.coyote.AbstractProtocol.init Initializing ProtocolHandler ["ajp-apr-8029"]
06-May-2018 15:22:47.062 信息 [main] org.apache.catalina.startup.Catalina.load Initialization processed in 6792 ms
06-May-2018 15:22:47.243 信息 [main] org.apache.catalina.core.StandardService.startInternal Starting service Catalina
06-May-2018 15:22:47.245 信息 [main] org.apache.catalina.core.StandardEngine.startInternal Starting Servlet Engine: Apache Tomcat/8.0.51
06-May-2018 15:22:47.373 信息 [localhost-startStop-1] org.apache.catalina.startup.HostConfig.deployDirectory Deploying web application directory D:\javaBag\learnJava\solr\apache-tomcat-8.0.51\webapps\docs
06-May-2018 15:23:16.825 警告 [localhost-startStop-1] org.apache.catalina.util.SessionIdGeneratorBase.createSecureRandom Creation of SecureRandom instance for session ID generation using [SHA1PRNG] took [21,763] milliseconds.
06-May-2018 15:23:16.986 信息 [localhost-startStop-1] org.apache.catalina.startup.HostConfig.deployDirectory Deployment of web application directory D:\javaBag\learnJava\solr\apache-tomcat-8.0.51\webapps\docs has finished in 29,613 ms
06-May-2018 15:23:16.987 信息 [localhost-startStop-1] org.apache.catalina.startup.HostConfig.deployDirectory Deploying web application directory D:\javaBag\learnJava\solr\apache-tomcat-8.0.51\webapps\examples
06-May-2018 15:23:18.907 信息 [localhost-startStop-1] org.apache.catalina.startup.HostConfig.deployDirectory Deployment of web application directory D:\javaBag\learnJava\solr\apache-tomcat-8.0.51\webapps\examples has finished in 1,920 ms
06-May-2018 15:23:18.909 信息 [localhost-startStop-1] org.apache.catalina.startup.HostConfig.deployDirectory Deploying web application directory D:\javaBag\learnJava\solr\apache-tomcat-8.0.51\webapps\host-manager
06-May-2018 15:23:19.093 信息 [localhost-startStop-1] org.apache.catalina.startup.HostConfig.deployDirectory Deployment of web application directory D:\javaBag\learnJava\solr\apache-tomcat-8.0.51\webapps\host-manager has finished in 184 ms
06-May-2018 15:23:19.095 信息 [localhost-startStop-1] org.apache.catalina.startup.HostConfig.deployDirectory Deploying web application directory D:\javaBag\learnJava\solr\apache-tomcat-8.0.51\webapps\manager
06-May-2018 15:23:19.201 信息 [localhost-startStop-1] org.apache.catalina.startup.HostConfig.deployDirectory Deployment of web application directory D:\javaBag\learnJava\solr\apache-tomcat-8.0.51\webapps\manager has finished in 105 ms
06-May-2018 15:23:19.203 信息 [localhost-startStop-1] org.apache.catalina.startup.HostConfig.deployDirectory Deploying web application directory D:\javaBag\learnJava\solr\apache-tomcat-8.0.51\webapps\ROOT
06-May-2018 15:23:19.262 信息 [localhost-startStop-1] org.apache.catalina.startup.HostConfig.deployDirectory Deployment of web application directory D:\javaBag\learnJava\solr\apache-tomcat-8.0.51\webapps\ROOT has finished in 60 ms
06-May-2018 15:23:19.264 信息 [localhost-startStop-1] org.apache.catalina.startup.HostConfig.deployDirectory Deploying web application directory D:\javaBag\learnJava\solr\apache-tomcat-8.0.51\webapps\solr
06-May-2018 15:24:40.985 信息 [localhost-startStop-1] org.apache.jasper.servlet.TldScanner.scanJars At least one JAR was scanned for TLDs yet contained no TLDs. Enable debug logging for this logger for a complete list of JARs that were scanned but no TLDs were found in them. Skipping unneeded JARs during scanning can improve startup time and JSP compilation time.
06-May-2018 15:25:07.576 信息 [localhost-startStop-1] org.apache.catalina.startup.HostConfig.deployDirectory Deployment of web application directory D:\javaBag\learnJava\solr\apache-tomcat-8.0.51\webapps\solr has finished in 108,313 ms
06-May-2018 15:25:07.591 信息 [main] org.apache.coyote.AbstractProtocol.start Starting ProtocolHandler ["http-apr-8100"]
06-May-2018 15:25:07.663 信息 [main] org.apache.coyote.AbstractProtocol.start Starting ProtocolHandler ["ajp-apr-8029"]
06-May-2018 15:25:07.694 信息 [main] org.apache.catalina.startup.Catalina.start Server startup in 145211 ms
06-May-2018 15:44:57.091 信息 [main] org.apache.catalina.startup.VersionLoggerListener.log Server version:        Apache Tomcat/8.0.51
06-May-2018 15:44:57.111 信息 [main] org.apache.catalina.startup.VersionLoggerListener.log Server built:          Apr 9 2018 21:20:15 UTC
06-May-2018 15:44:57.117 信息 [main] org.apache.catalina.startup.VersionLoggerListener.log Server number:         8.0.51.0
06-May-2018 15:44:57.118 信息 [main] org.apache.catalina.startup.VersionLoggerListener.log OS Name:               Windows 7
06-May-2018 15:44:57.123 信息 [main] org.apache.catalina.startup.VersionLoggerListener.log OS Version:            6.1
06-May-2018 15:44:57.125 信息 [main] org.apache.catalina.startup.VersionLoggerListener.log Architecture:          amd64
06-May-2018 15:44:57.126 信息 [main] org.apache.catalina.startup.VersionLoggerListener.log Java Home:             D:\Program Files\Java\jdk1.8.0_131\jre
06-May-2018 15:44:57.132 信息 [main] org.apache.catalina.startup.VersionLoggerListener.log JVM Version:           1.8.0_131-b11
06-May-2018 15:44:57.134 信息 [main] org.apache.catalina.startup.VersionLoggerListener.log JVM Vendor:            Oracle Corporation
06-May-2018 15:44:57.136 信息 [main] org.apache.catalina.startup.VersionLoggerListener.log CATALINA_BASE:         D:\javaBag\learnJava\solr\apache-tomcat-8.0.51
06-May-2018 15:44:57.137 信息 [main] org.apache.catalina.startup.VersionLoggerListener.log CATALINA_HOME:         D:\javaBag\learnJava\solr\apache-tomcat-8.0.51
06-May-2018 15:44:57.140 信息 [main] org.apache.catalina.startup.VersionLoggerListener.log Command line argument: -Djava.util.logging.config.file=D:\javaBag\learnJava\solr\apache-tomcat-8.0.51\conf\logging.properties
06-May-2018 15:44:57.142 信息 [main] org.apache.catalina.startup.VersionLoggerListener.log Command line argument: -Djava.util.logging.manager=org.apache.juli.ClassLoaderLogManager
06-May-2018 15:44:57.146 信息 [main] org.apache.catalina.startup.VersionLoggerListener.log Command line argument: -Djdk.tls.ephemeralDHKeySize=2048
06-May-2018 15:44:57.148 信息 [main] org.apache.catalina.startup.VersionLoggerListener.log Command line argument: -Djava.protocol.handler.pkgs=org.apache.catalina.webresources
06-May-2018 15:44:57.151 信息 [main] org.apache.catalina.startup.VersionLoggerListener.log Command line argument: -Dignore.endorsed.dirs=
06-May-2018 15:44:57.153 信息 [main] org.apache.catalina.startup.VersionLoggerListener.log Command line argument: -Dcatalina.base=D:\javaBag\learnJava\solr\apache-tomcat-8.0.51
06-May-2018 15:44:57.155 信息 [main] org.apache.catalina.startup.VersionLoggerListener.log Command line argument: -Dcatalina.home=D:\javaBag\learnJava\solr\apache-tomcat-8.0.51
06-May-2018 15:44:57.158 信息 [main] org.apache.catalina.startup.VersionLoggerListener.log Command line argument: -Djava.io.tmpdir=D:\javaBag\learnJava\solr\apache-tomcat-8.0.51\temp
06-May-2018 15:44:57.162 信息 [main] org.apache.catalina.core.AprLifecycleListener.lifecycleEvent Loaded APR based Apache Tomcat Native library 1.2.16 using APR version 1.6.3.
06-May-2018 15:44:57.165 信息 [main] org.apache.catalina.core.AprLifecycleListener.lifecycleEvent APR capabilities: IPv6 [true], sendfile [true], accept filters [false], random [true].
06-May-2018 15:44:58.503 信息 [main] org.apache.catalina.core.AprLifecycleListener.initializeSSL OpenSSL successfully initialized (OpenSSL 1.0.2m  2 Nov 2017)
06-May-2018 15:44:58.978 信息 [main] org.apache.coyote.AbstractProtocol.init Initializing ProtocolHandler ["http-apr-8100"]
06-May-2018 15:44:59.008 信息 [main] org.apache.coyote.AbstractProtocol.init Initializing ProtocolHandler ["ajp-apr-8029"]
06-May-2018 15:44:59.014 信息 [main] org.apache.catalina.startup.Catalina.load Initialization processed in 3404 ms
06-May-2018 15:44:59.095 信息 [main] org.apache.catalina.core.StandardService.startInternal Starting service Catalina
06-May-2018 15:44:59.097 信息 [main] org.apache.catalina.core.StandardEngine.startInternal Starting Servlet Engine: Apache Tomcat/8.0.51
06-May-2018 15:44:59.115 信息 [localhost-startStop-1] org.apache.catalina.startup.HostConfig.deployDirectory Deploying web application directory D:\javaBag\learnJava\solr\apache-tomcat-8.0.51\webapps\docs
06-May-2018 15:45:20.464 警告 [localhost-startStop-1] org.apache.catalina.util.SessionIdGeneratorBase.createSecureRandom Creation of SecureRandom instance for session ID generation using [SHA1PRNG] took [20,279] milliseconds.
06-May-2018 15:45:20.519 信息 [localhost-startStop-1] org.apache.catalina.startup.HostConfig.deployDirectory Deployment of web application directory D:\javaBag\learnJava\solr\apache-tomcat-8.0.51\webapps\docs has finished in 21,403 ms
06-May-2018 15:45:20.521 信息 [localhost-startStop-1] org.apache.catalina.startup.HostConfig.deployDirectory Deploying web application directory D:\javaBag\learnJava\solr\apache-tomcat-8.0.51\webapps\examples
06-May-2018 15:45:21.678 信息 [localhost-startStop-1] org.apache.catalina.startup.HostConfig.deployDirectory Deployment of web application directory D:\javaBag\learnJava\solr\apache-tomcat-8.0.51\webapps\examples has finished in 1,158 ms
06-May-2018 15:45:21.680 信息 [localhost-startStop-1] org.apache.catalina.startup.HostConfig.deployDirectory Deploying web application directory D:\javaBag\learnJava\solr\apache-tomcat-8.0.51\webapps\host-manager
06-May-2018 15:45:21.894 信息 [localhost-startStop-1] org.apache.catalina.startup.HostConfig.deployDirectory Deployment of web application directory D:\javaBag\learnJava\solr\apache-tomcat-8.0.51\webapps\host-manager has finished in 213 ms
06-May-2018 15:45:21.896 信息 [localhost-startStop-1] org.apache.catalina.startup.HostConfig.deployDirectory Deploying web application directory D:\javaBag\learnJava\solr\apache-tomcat-8.0.51\webapps\manager
06-May-2018 15:45:21.972 信息 [localhost-startStop-1] org.apache.catalina.startup.HostConfig.deployDirectory Deployment of web application directory D:\javaBag\learnJava\solr\apache-tomcat-8.0.51\webapps\manager has finished in 76 ms
06-May-2018 15:45:21.974 信息 [localhost-startStop-1] org.apache.catalina.startup.HostConfig.deployDirectory Deploying web application directory D:\javaBag\learnJava\solr\apache-tomcat-8.0.51\webapps\ROOT
06-May-2018 15:45:22.021 信息 [localhost-startStop-1] org.apache.catalina.startup.HostConfig.deployDirectory Deployment of web application directory D:\javaBag\learnJava\solr\apache-tomcat-8.0.51\webapps\ROOT has finished in 47 ms
06-May-2018 15:45:22.021 信息 [localhost-startStop-1] org.apache.catalina.startup.HostConfig.deployDirectory Deploying web application directory D:\javaBag\learnJava\solr\apache-tomcat-8.0.51\webapps\solr
06-May-2018 15:45:46.818 信息 [localhost-startStop-1] org.apache.jasper.servlet.TldScanner.scanJars At least one JAR was scanned for TLDs yet contained no TLDs. Enable debug logging for this logger for a complete list of JARs that were scanned but no TLDs were found in them. Skipping unneeded JARs during scanning can improve startup time and JSP compilation time.
06-May-2018 15:46:11.274 信息 [localhost-startStop-1] org.apache.catalina.startup.HostConfig.deployDirectory Deployment of web application directory D:\javaBag\learnJava\solr\apache-tomcat-8.0.51\webapps\solr has finished in 49,253 ms
06-May-2018 15:46:11.286 信息 [main] org.apache.coyote.AbstractProtocol.start Starting ProtocolHandler ["http-apr-8100"]
06-May-2018 15:46:11.393 信息 [main] org.apache.coyote.AbstractProtocol.start Starting ProtocolHandler ["ajp-apr-8029"]
06-May-2018 15:46:11.437 信息 [main] org.apache.catalina.startup.Catalina.start Server startup in 73566 ms
