30-Apr-2018 14:34:53.244 信息 [main] org.apache.catalina.startup.VersionLoggerListener.log Server version:        Apache Tomcat/8.0.51
30-Apr-2018 14:34:53.289 信息 [main] org.apache.catalina.startup.VersionLoggerListener.log Server built:          Apr 9 2018 21:20:15 UTC
30-Apr-2018 14:34:53.290 信息 [main] org.apache.catalina.startup.VersionLoggerListener.log Server number:         8.0.51.0
30-Apr-2018 14:34:53.292 信息 [main] org.apache.catalina.startup.VersionLoggerListener.log OS Name:               Windows 7
30-Apr-2018 14:34:53.293 信息 [main] org.apache.catalina.startup.VersionLoggerListener.log OS Version:            6.1
30-Apr-2018 14:34:53.294 信息 [main] org.apache.catalina.startup.VersionLoggerListener.log Architecture:          amd64
30-Apr-2018 14:34:53.295 信息 [main] org.apache.catalina.startup.VersionLoggerListener.log Java Home:             D:\Program Files\Java\jdk1.8.0_131\jre
30-Apr-2018 14:34:53.297 信息 [main] org.apache.catalina.startup.VersionLoggerListener.log JVM Version:           1.8.0_131-b11
30-Apr-2018 14:34:53.298 信息 [main] org.apache.catalina.startup.VersionLoggerListener.log JVM Vendor:            Oracle Corporation
30-Apr-2018 14:34:53.299 信息 [main] org.apache.catalina.startup.VersionLoggerListener.log CATALINA_BASE:         D:\javaBag\learnJava\solr\apache-tomcat-8.0.51
30-Apr-2018 14:34:53.300 信息 [main] org.apache.catalina.startup.VersionLoggerListener.log CATALINA_HOME:         D:\javaBag\learnJava\solr\apache-tomcat-8.0.51
30-Apr-2018 14:34:53.302 信息 [main] org.apache.catalina.startup.VersionLoggerListener.log Command line argument: -Djava.util.logging.config.file=D:\javaBag\learnJava\solr\apache-tomcat-8.0.51\conf\logging.properties
30-Apr-2018 14:34:53.305 信息 [main] org.apache.catalina.startup.VersionLoggerListener.log Command line argument: -Djava.util.logging.manager=org.apache.juli.ClassLoaderLogManager
30-Apr-2018 14:34:53.307 信息 [main] org.apache.catalina.startup.VersionLoggerListener.log Command line argument: -Djdk.tls.ephemeralDHKeySize=2048
30-Apr-2018 14:34:53.309 信息 [main] org.apache.catalina.startup.VersionLoggerListener.log Command line argument: -Djava.protocol.handler.pkgs=org.apache.catalina.webresources
30-Apr-2018 14:34:53.311 信息 [main] org.apache.catalina.startup.VersionLoggerListener.log Command line argument: -Dignore.endorsed.dirs=
30-Apr-2018 14:34:53.313 信息 [main] org.apache.catalina.startup.VersionLoggerListener.log Command line argument: -Dcatalina.base=D:\javaBag\learnJava\solr\apache-tomcat-8.0.51
30-Apr-2018 14:34:53.316 信息 [main] org.apache.catalina.startup.VersionLoggerListener.log Command line argument: -Dcatalina.home=D:\javaBag\learnJava\solr\apache-tomcat-8.0.51
30-Apr-2018 14:34:53.318 信息 [main] org.apache.catalina.startup.VersionLoggerListener.log Command line argument: -Djava.io.tmpdir=D:\javaBag\learnJava\solr\apache-tomcat-8.0.51\temp
30-Apr-2018 14:34:53.321 信息 [main] org.apache.catalina.core.AprLifecycleListener.lifecycleEvent Loaded APR based Apache Tomcat Native library 1.2.16 using APR version 1.6.3.
30-Apr-2018 14:34:53.324 信息 [main] org.apache.catalina.core.AprLifecycleListener.lifecycleEvent APR capabilities: IPv6 [true], sendfile [true], accept filters [false], random [true].
30-Apr-2018 14:34:54.631 信息 [main] org.apache.catalina.core.AprLifecycleListener.initializeSSL OpenSSL successfully initialized (OpenSSL 1.0.2m  2 Nov 2017)
30-Apr-2018 14:34:57.126 信息 [main] org.apache.coyote.AbstractProtocol.init Initializing ProtocolHandler ["http-apr-8100"]
30-Apr-2018 14:34:57.358 信息 [main] org.apache.coyote.AbstractProtocol.init Initializing ProtocolHandler ["ajp-apr-8029"]
30-Apr-2018 14:34:57.364 信息 [main] org.apache.catalina.startup.Catalina.load Initialization processed in 7443 ms
30-Apr-2018 14:34:57.738 信息 [main] org.apache.catalina.core.StandardService.startInternal Starting service Catalina
30-Apr-2018 14:34:57.740 信息 [main] org.apache.catalina.core.StandardEngine.startInternal Starting Servlet Engine: Apache Tomcat/8.0.51
30-Apr-2018 14:34:57.893 信息 [localhost-startStop-1] org.apache.catalina.startup.HostConfig.deployDirectory Deploying web application directory D:\javaBag\learnJava\solr\apache-tomcat-8.0.51\webapps\docs
30-Apr-2018 14:35:20.742 警告 [localhost-startStop-1] org.apache.catalina.util.SessionIdGeneratorBase.createSecureRandom Creation of SecureRandom instance for session ID generation using [SHA1PRNG] took [21,105] milliseconds.
30-Apr-2018 14:35:21.134 信息 [localhost-startStop-1] org.apache.catalina.startup.HostConfig.deployDirectory Deployment of web application directory D:\javaBag\learnJava\solr\apache-tomcat-8.0.51\webapps\docs has finished in 23,241 ms
30-Apr-2018 14:35:21.138 信息 [localhost-startStop-1] org.apache.catalina.startup.HostConfig.deployDirectory Deploying web application directory D:\javaBag\learnJava\solr\apache-tomcat-8.0.51\webapps\examples
30-Apr-2018 14:35:23.677 信息 [localhost-startStop-1] org.apache.catalina.startup.HostConfig.deployDirectory Deployment of web application directory D:\javaBag\learnJava\solr\apache-tomcat-8.0.51\webapps\examples has finished in 2,539 ms
30-Apr-2018 14:35:23.680 信息 [localhost-startStop-1] org.apache.catalina.startup.HostConfig.deployDirectory Deploying web application directory D:\javaBag\learnJava\solr\apache-tomcat-8.0.51\webapps\host-manager
30-Apr-2018 14:35:23.923 信息 [localhost-startStop-1] org.apache.catalina.startup.HostConfig.deployDirectory Deployment of web application directory D:\javaBag\learnJava\solr\apache-tomcat-8.0.51\webapps\host-manager has finished in 242 ms
30-Apr-2018 14:35:23.924 信息 [localhost-startStop-1] org.apache.catalina.startup.HostConfig.deployDirectory Deploying web application directory D:\javaBag\learnJava\solr\apache-tomcat-8.0.51\webapps\manager
30-Apr-2018 14:35:24.035 信息 [localhost-startStop-1] org.apache.catalina.startup.HostConfig.deployDirectory Deployment of web application directory D:\javaBag\learnJava\solr\apache-tomcat-8.0.51\webapps\manager has finished in 111 ms
30-Apr-2018 14:35:24.038 信息 [localhost-startStop-1] org.apache.catalina.startup.HostConfig.deployDirectory Deploying web application directory D:\javaBag\learnJava\solr\apache-tomcat-8.0.51\webapps\ROOT
30-Apr-2018 14:35:24.145 信息 [localhost-startStop-1] org.apache.catalina.startup.HostConfig.deployDirectory Deployment of web application directory D:\javaBag\learnJava\solr\apache-tomcat-8.0.51\webapps\ROOT has finished in 108 ms
30-Apr-2018 14:35:24.147 信息 [localhost-startStop-1] org.apache.catalina.startup.HostConfig.deployDirectory Deploying web application directory D:\javaBag\learnJava\solr\apache-tomcat-8.0.51\webapps\solr
30-Apr-2018 14:36:34.637 信息 [localhost-startStop-1] org.apache.jasper.servlet.TldScanner.scanJars At least one JAR was scanned for TLDs yet contained no TLDs. Enable debug logging for this logger for a complete list of JARs that were scanned but no TLDs were found in them. Skipping unneeded JARs during scanning can improve startup time and JSP compilation time.
30-Apr-2018 14:37:00.915 信息 [localhost-startStop-1] org.apache.catalina.startup.HostConfig.deployDirectory Deployment of web application directory D:\javaBag\learnJava\solr\apache-tomcat-8.0.51\webapps\solr has finished in 96,768 ms
30-Apr-2018 14:37:00.924 信息 [main] org.apache.coyote.AbstractProtocol.start Starting ProtocolHandler ["http-apr-8100"]
30-Apr-2018 14:37:01.004 信息 [main] org.apache.coyote.AbstractProtocol.start Starting ProtocolHandler ["ajp-apr-8029"]
30-Apr-2018 14:37:01.043 信息 [main] org.apache.catalina.startup.Catalina.start Server startup in 123676 ms
30-Apr-2018 15:37:00.266 信息 [Thread-4] org.apache.coyote.AbstractProtocol.pause Pausing ProtocolHandler ["http-apr-8100"]
30-Apr-2018 15:37:01.590 信息 [Thread-4] org.apache.coyote.AbstractProtocol.pause Pausing ProtocolHandler ["ajp-apr-8029"]
30-Apr-2018 15:37:01.715 信息 [Thread-4] org.apache.catalina.core.StandardService.stopInternal Stopping service Catalina
30-Apr-2018 15:37:08.416 信息 [Thread-4] org.apache.coyote.AbstractProtocol.stop Stopping ProtocolHandler ["http-apr-8100"]
30-Apr-2018 15:37:08.795 信息 [Thread-4] org.apache.coyote.AbstractProtocol.stop Stopping ProtocolHandler ["ajp-apr-8029"]
30-Apr-2018 15:37:09.066 信息 [Thread-4] org.apache.coyote.AbstractProtocol.destroy Destroying ProtocolHandler ["http-apr-8100"]
