18-Apr-2018 13:35:29.636 信息 [main] org.apache.catalina.startup.VersionLoggerListener.log Server version:        Apache Tomcat/8.0.51
18-Apr-2018 13:35:30.308 信息 [main] org.apache.catalina.startup.VersionLoggerListener.log Server built:          Apr 9 2018 21:20:15 UTC
18-Apr-2018 13:35:30.310 信息 [main] org.apache.catalina.startup.VersionLoggerListener.log Server number:         8.0.51.0
18-Apr-2018 13:35:30.311 信息 [main] org.apache.catalina.startup.VersionLoggerListener.log OS Name:               Windows 7
18-Apr-2018 13:35:30.312 信息 [main] org.apache.catalina.startup.VersionLoggerListener.log OS Version:            6.1
18-Apr-2018 13:35:30.314 信息 [main] org.apache.catalina.startup.VersionLoggerListener.log Architecture:          amd64
18-Apr-2018 13:35:30.316 信息 [main] org.apache.catalina.startup.VersionLoggerListener.log Java Home:             D:\Program Files\Java\jdk1.8.0_131\jre
18-Apr-2018 13:35:30.317 信息 [main] org.apache.catalina.startup.VersionLoggerListener.log JVM Version:           1.8.0_131-b11
18-Apr-2018 13:35:30.318 信息 [main] org.apache.catalina.startup.VersionLoggerListener.log JVM Vendor:            Oracle Corporation
18-Apr-2018 13:35:30.319 信息 [main] org.apache.catalina.startup.VersionLoggerListener.log CATALINA_BASE:         D:\javaBag\learnJava\solr\apache-tomcat-8.0.51
18-Apr-2018 13:35:30.320 信息 [main] org.apache.catalina.startup.VersionLoggerListener.log CATALINA_HOME:         D:\javaBag\learnJava\solr\apache-tomcat-8.0.51
18-Apr-2018 13:35:30.322 信息 [main] org.apache.catalina.startup.VersionLoggerListener.log Command line argument: -Djava.util.logging.config.file=D:\javaBag\learnJava\solr\apache-tomcat-8.0.51\conf\logging.properties
18-Apr-2018 13:35:30.324 信息 [main] org.apache.catalina.startup.VersionLoggerListener.log Command line argument: -Djava.util.logging.manager=org.apache.juli.ClassLoaderLogManager
18-Apr-2018 13:35:30.325 信息 [main] org.apache.catalina.startup.VersionLoggerListener.log Command line argument: -Djdk.tls.ephemeralDHKeySize=2048
18-Apr-2018 13:35:30.327 信息 [main] org.apache.catalina.startup.VersionLoggerListener.log Command line argument: -Djava.protocol.handler.pkgs=org.apache.catalina.webresources
18-Apr-2018 13:35:30.329 信息 [main] org.apache.catalina.startup.VersionLoggerListener.log Command line argument: -Dignore.endorsed.dirs=
18-Apr-2018 13:35:30.332 信息 [main] org.apache.catalina.startup.VersionLoggerListener.log Command line argument: -Dcatalina.base=D:\javaBag\learnJava\solr\apache-tomcat-8.0.51
18-Apr-2018 13:35:30.333 信息 [main] org.apache.catalina.startup.VersionLoggerListener.log Command line argument: -Dcatalina.home=D:\javaBag\learnJava\solr\apache-tomcat-8.0.51
18-Apr-2018 13:35:30.337 信息 [main] org.apache.catalina.startup.VersionLoggerListener.log Command line argument: -Djava.io.tmpdir=D:\javaBag\learnJava\solr\apache-tomcat-8.0.51\temp
18-Apr-2018 13:35:30.340 信息 [main] org.apache.catalina.core.AprLifecycleListener.lifecycleEvent Loaded APR based Apache Tomcat Native library 1.2.16 using APR version 1.6.3.
18-Apr-2018 13:35:30.342 信息 [main] org.apache.catalina.core.AprLifecycleListener.lifecycleEvent APR capabilities: IPv6 [true], sendfile [true], accept filters [false], random [true].
18-Apr-2018 13:35:31.911 信息 [main] org.apache.catalina.core.AprLifecycleListener.initializeSSL OpenSSL successfully initialized (OpenSSL 1.0.2m  2 Nov 2017)
18-Apr-2018 13:35:35.788 信息 [main] org.apache.coyote.AbstractProtocol.init Initializing ProtocolHandler ["http-apr-8100"]
18-Apr-2018 13:35:35.913 信息 [main] org.apache.coyote.AbstractProtocol.init Initializing ProtocolHandler ["ajp-apr-8029"]
18-Apr-2018 13:35:35.919 信息 [main] org.apache.catalina.startup.Catalina.load Initialization processed in 17152 ms
18-Apr-2018 13:35:36.474 信息 [main] org.apache.catalina.core.StandardService.startInternal Starting service Catalina
18-Apr-2018 13:35:36.476 信息 [main] org.apache.catalina.core.StandardEngine.startInternal Starting Servlet Engine: Apache Tomcat/8.0.51
18-Apr-2018 13:35:36.603 信息 [localhost-startStop-1] org.apache.catalina.startup.HostConfig.deployDirectory Deploying web application directory D:\javaBag\learnJava\solr\apache-tomcat-8.0.51\webapps\docs
18-Apr-2018 13:36:06.668 警告 [localhost-startStop-1] org.apache.catalina.util.SessionIdGeneratorBase.createSecureRandom Creation of SecureRandom instance for session ID generation using [SHA1PRNG] took [26,335] milliseconds.
18-Apr-2018 13:36:09.471 信息 [localhost-startStop-1] org.apache.catalina.startup.HostConfig.deployDirectory Deployment of web application directory D:\javaBag\learnJava\solr\apache-tomcat-8.0.51\webapps\docs has finished in 32,867 ms
18-Apr-2018 13:36:09.478 信息 [localhost-startStop-1] org.apache.catalina.startup.HostConfig.deployDirectory Deploying web application directory D:\javaBag\learnJava\solr\apache-tomcat-8.0.51\webapps\examples
18-Apr-2018 13:36:16.505 信息 [localhost-startStop-1] org.apache.catalina.startup.HostConfig.deployDirectory Deployment of web application directory D:\javaBag\learnJava\solr\apache-tomcat-8.0.51\webapps\examples has finished in 7,028 ms
18-Apr-2018 13:36:16.508 信息 [localhost-startStop-1] org.apache.catalina.startup.HostConfig.deployDirectory Deploying web application directory D:\javaBag\learnJava\solr\apache-tomcat-8.0.51\webapps\host-manager
18-Apr-2018 13:36:16.692 信息 [localhost-startStop-1] org.apache.catalina.startup.HostConfig.deployDirectory Deployment of web application directory D:\javaBag\learnJava\solr\apache-tomcat-8.0.51\webapps\host-manager has finished in 185 ms
18-Apr-2018 13:36:16.693 信息 [localhost-startStop-1] org.apache.catalina.startup.HostConfig.deployDirectory Deploying web application directory D:\javaBag\learnJava\solr\apache-tomcat-8.0.51\webapps\manager
18-Apr-2018 13:36:16.775 信息 [localhost-startStop-1] org.apache.catalina.startup.HostConfig.deployDirectory Deployment of web application directory D:\javaBag\learnJava\solr\apache-tomcat-8.0.51\webapps\manager has finished in 82 ms
18-Apr-2018 13:36:16.777 信息 [localhost-startStop-1] org.apache.catalina.startup.HostConfig.deployDirectory Deploying web application directory D:\javaBag\learnJava\solr\apache-tomcat-8.0.51\webapps\ROOT
18-Apr-2018 13:36:16.892 信息 [localhost-startStop-1] org.apache.catalina.startup.HostConfig.deployDirectory Deployment of web application directory D:\javaBag\learnJava\solr\apache-tomcat-8.0.51\webapps\ROOT has finished in 115 ms
18-Apr-2018 13:36:16.951 信息 [localhost-startStop-1] org.apache.catalina.startup.HostConfig.deployDirectory Deploying web application directory D:\javaBag\learnJava\solr\apache-tomcat-8.0.51\webapps\solr
18-Apr-2018 13:37:32.823 信息 [localhost-startStop-1] org.apache.jasper.servlet.TldScanner.scanJars At least one JAR was scanned for TLDs yet contained no TLDs. Enable debug logging for this logger for a complete list of JARs that were scanned but no TLDs were found in them. Skipping unneeded JARs during scanning can improve startup time and JSP compilation time.
18-Apr-2018 13:38:11.286 信息 [localhost-startStop-1] org.apache.catalina.startup.HostConfig.deployDirectory Deployment of web application directory D:\javaBag\learnJava\solr\apache-tomcat-8.0.51\webapps\solr has finished in 114,335 ms
18-Apr-2018 13:38:11.319 信息 [main] org.apache.coyote.AbstractProtocol.start Starting ProtocolHandler ["http-apr-8100"]
18-Apr-2018 13:38:11.417 信息 [main] org.apache.coyote.AbstractProtocol.start Starting ProtocolHandler ["ajp-apr-8029"]
18-Apr-2018 13:38:11.482 信息 [main] org.apache.catalina.startup.Catalina.start Server startup in 155876 ms
18-Apr-2018 13:42:09.387 信息 [Thread-4] org.apache.coyote.AbstractProtocol.pause Pausing ProtocolHandler ["http-apr-8100"]
18-Apr-2018 13:42:09.490 信息 [Thread-4] org.apache.coyote.AbstractProtocol.pause Pausing ProtocolHandler ["ajp-apr-8029"]
18-Apr-2018 13:42:09.543 信息 [Thread-4] org.apache.catalina.core.StandardService.stopInternal Stopping service Catalina
18-Apr-2018 13:42:09.852 信息 [Thread-4] org.apache.coyote.AbstractProtocol.stop Stopping ProtocolHandler ["http-apr-8100"]
18-Apr-2018 13:42:09.909 信息 [Thread-4] org.apache.coyote.AbstractProtocol.stop Stopping ProtocolHandler ["ajp-apr-8029"]
18-Apr-2018 13:42:10.035 信息 [Thread-4] org.apache.coyote.AbstractProtocol.destroy Destroying ProtocolHandler ["http-apr-8100"]
18-Apr-2018 13:42:10.037 信息 [Thread-4] org.apache.coyote.AbstractProtocol.destroy Destroying ProtocolHandler ["ajp-apr-8029"]
18-Apr-2018 13:42:16.398 信息 [main] org.apache.catalina.startup.VersionLoggerListener.log Server version:        Apache Tomcat/8.0.51
18-Apr-2018 13:42:16.442 信息 [main] org.apache.catalina.startup.VersionLoggerListener.log Server built:          Apr 9 2018 21:20:15 UTC
18-Apr-2018 13:42:16.443 信息 [main] org.apache.catalina.startup.VersionLoggerListener.log Server number:         8.0.51.0
18-Apr-2018 13:42:16.444 信息 [main] org.apache.catalina.startup.VersionLoggerListener.log OS Name:               Windows 7
18-Apr-2018 13:42:16.445 信息 [main] org.apache.catalina.startup.VersionLoggerListener.log OS Version:            6.1
18-Apr-2018 13:42:16.446 信息 [main] org.apache.catalina.startup.VersionLoggerListener.log Architecture:          amd64
18-Apr-2018 13:42:16.448 信息 [main] org.apache.catalina.startup.VersionLoggerListener.log Java Home:             D:\Program Files\Java\jdk1.8.0_131\jre
18-Apr-2018 13:42:16.449 信息 [main] org.apache.catalina.startup.VersionLoggerListener.log JVM Version:           1.8.0_131-b11
18-Apr-2018 13:42:16.450 信息 [main] org.apache.catalina.startup.VersionLoggerListener.log JVM Vendor:            Oracle Corporation
18-Apr-2018 13:42:16.451 信息 [main] org.apache.catalina.startup.VersionLoggerListener.log CATALINA_BASE:         D:\javaBag\learnJava\solr\apache-tomcat-8.0.51
18-Apr-2018 13:42:16.452 信息 [main] org.apache.catalina.startup.VersionLoggerListener.log CATALINA_HOME:         D:\javaBag\learnJava\solr\apache-tomcat-8.0.51
18-Apr-2018 13:42:16.454 信息 [main] org.apache.catalina.startup.VersionLoggerListener.log Command line argument: -Djava.util.logging.config.file=D:\javaBag\learnJava\solr\apache-tomcat-8.0.51\conf\logging.properties
18-Apr-2018 13:42:16.456 信息 [main] org.apache.catalina.startup.VersionLoggerListener.log Command line argument: -Djava.util.logging.manager=org.apache.juli.ClassLoaderLogManager
18-Apr-2018 13:42:16.457 信息 [main] org.apache.catalina.startup.VersionLoggerListener.log Command line argument: -Djdk.tls.ephemeralDHKeySize=2048
18-Apr-2018 13:42:16.459 信息 [main] org.apache.catalina.startup.VersionLoggerListener.log Command line argument: -Djava.protocol.handler.pkgs=org.apache.catalina.webresources
18-Apr-2018 13:42:16.461 信息 [main] org.apache.catalina.startup.VersionLoggerListener.log Command line argument: -Dignore.endorsed.dirs=
18-Apr-2018 13:42:16.463 信息 [main] org.apache.catalina.startup.VersionLoggerListener.log Command line argument: -Dcatalina.base=D:\javaBag\learnJava\solr\apache-tomcat-8.0.51
18-Apr-2018 13:42:16.464 信息 [main] org.apache.catalina.startup.VersionLoggerListener.log Command line argument: -Dcatalina.home=D:\javaBag\learnJava\solr\apache-tomcat-8.0.51
18-Apr-2018 13:42:16.466 信息 [main] org.apache.catalina.startup.VersionLoggerListener.log Command line argument: -Djava.io.tmpdir=D:\javaBag\learnJava\solr\apache-tomcat-8.0.51\temp
18-Apr-2018 13:42:16.468 信息 [main] org.apache.catalina.core.AprLifecycleListener.lifecycleEvent Loaded APR based Apache Tomcat Native library 1.2.16 using APR version 1.6.3.
18-Apr-2018 13:42:16.470 信息 [main] org.apache.catalina.core.AprLifecycleListener.lifecycleEvent APR capabilities: IPv6 [true], sendfile [true], accept filters [false], random [true].
18-Apr-2018 13:42:17.641 信息 [main] org.apache.catalina.core.AprLifecycleListener.initializeSSL OpenSSL successfully initialized (OpenSSL 1.0.2m  2 Nov 2017)
18-Apr-2018 13:42:18.517 信息 [main] org.apache.coyote.AbstractProtocol.init Initializing ProtocolHandler ["http-apr-8100"]
18-Apr-2018 13:42:18.608 信息 [main] org.apache.coyote.AbstractProtocol.init Initializing ProtocolHandler ["ajp-apr-8029"]
18-Apr-2018 13:42:18.618 信息 [main] org.apache.catalina.startup.Catalina.load Initialization processed in 4553 ms
18-Apr-2018 13:42:18.871 信息 [main] org.apache.catalina.core.StandardService.startInternal Starting service Catalina
18-Apr-2018 13:42:18.873 信息 [main] org.apache.catalina.core.StandardEngine.startInternal Starting Servlet Engine: Apache Tomcat/8.0.51
18-Apr-2018 13:42:18.927 信息 [localhost-startStop-1] org.apache.catalina.startup.HostConfig.deployDirectory Deploying web application directory D:\javaBag\learnJava\solr\apache-tomcat-8.0.51\webapps\docs
18-Apr-2018 13:42:44.575 警告 [localhost-startStop-1] org.apache.catalina.util.SessionIdGeneratorBase.createSecureRandom Creation of SecureRandom instance for session ID generation using [SHA1PRNG] took [24,490] milliseconds.
18-Apr-2018 13:42:44.617 信息 [localhost-startStop-1] org.apache.catalina.startup.HostConfig.deployDirectory Deployment of web application directory D:\javaBag\learnJava\solr\apache-tomcat-8.0.51\webapps\docs has finished in 25,689 ms
18-Apr-2018 13:42:44.620 信息 [localhost-startStop-1] org.apache.catalina.startup.HostConfig.deployDirectory Deploying web application directory D:\javaBag\learnJava\solr\apache-tomcat-8.0.51\webapps\examples
18-Apr-2018 13:42:45.890 信息 [localhost-startStop-1] org.apache.catalina.startup.HostConfig.deployDirectory Deployment of web application directory D:\javaBag\learnJava\solr\apache-tomcat-8.0.51\webapps\examples has finished in 1,271 ms
18-Apr-2018 13:42:45.896 信息 [localhost-startStop-1] org.apache.catalina.startup.HostConfig.deployDirectory Deploying web application directory D:\javaBag\learnJava\solr\apache-tomcat-8.0.51\webapps\host-manager
18-Apr-2018 13:42:45.973 信息 [localhost-startStop-1] org.apache.catalina.startup.HostConfig.deployDirectory Deployment of web application directory D:\javaBag\learnJava\solr\apache-tomcat-8.0.51\webapps\host-manager has finished in 77 ms
18-Apr-2018 13:42:45.974 信息 [localhost-startStop-1] org.apache.catalina.startup.HostConfig.deployDirectory Deploying web application directory D:\javaBag\learnJava\solr\apache-tomcat-8.0.51\webapps\manager
18-Apr-2018 13:42:46.111 信息 [localhost-startStop-1] org.apache.catalina.startup.HostConfig.deployDirectory Deployment of web application directory D:\javaBag\learnJava\solr\apache-tomcat-8.0.51\webapps\manager has finished in 137 ms
18-Apr-2018 13:42:46.113 信息 [localhost-startStop-1] org.apache.catalina.startup.HostConfig.deployDirectory Deploying web application directory D:\javaBag\learnJava\solr\apache-tomcat-8.0.51\webapps\ROOT
18-Apr-2018 13:42:46.247 信息 [localhost-startStop-1] org.apache.catalina.startup.HostConfig.deployDirectory Deployment of web application directory D:\javaBag\learnJava\solr\apache-tomcat-8.0.51\webapps\ROOT has finished in 134 ms
18-Apr-2018 13:42:46.250 信息 [localhost-startStop-1] org.apache.catalina.startup.HostConfig.deployDirectory Deploying web application directory D:\javaBag\learnJava\solr\apache-tomcat-8.0.51\webapps\solr
18-Apr-2018 13:42:56.345 信息 [localhost-startStop-1] org.apache.jasper.servlet.TldScanner.scanJars At least one JAR was scanned for TLDs yet contained no TLDs. Enable debug logging for this logger for a complete list of JARs that were scanned but no TLDs were found in them. Skipping unneeded JARs during scanning can improve startup time and JSP compilation time.
18-Apr-2018 13:43:31.775 信息 [localhost-startStop-1] org.apache.catalina.startup.HostConfig.deployDirectory Deployment of web application directory D:\javaBag\learnJava\solr\apache-tomcat-8.0.51\webapps\solr has finished in 45,526 ms
18-Apr-2018 13:43:31.808 信息 [main] org.apache.coyote.AbstractProtocol.start Starting ProtocolHandler ["http-apr-8100"]
18-Apr-2018 13:43:32.614 信息 [main] org.apache.coyote.AbstractProtocol.start Starting ProtocolHandler ["ajp-apr-8029"]
18-Apr-2018 13:43:32.655 信息 [main] org.apache.catalina.startup.Catalina.start Server startup in 79777 ms
18-Apr-2018 13:57:13.046 信息 [Thread-4] org.apache.coyote.AbstractProtocol.pause Pausing ProtocolHandler ["http-apr-8100"]
18-Apr-2018 13:57:13.123 信息 [Thread-4] org.apache.coyote.AbstractProtocol.pause Pausing ProtocolHandler ["ajp-apr-8029"]
18-Apr-2018 13:57:13.176 信息 [Thread-4] org.apache.catalina.core.StandardService.stopInternal Stopping service Catalina
18-Apr-2018 13:57:13.614 信息 [Thread-4] org.apache.coyote.AbstractProtocol.stop Stopping ProtocolHandler ["http-apr-8100"]
18-Apr-2018 13:57:13.670 信息 [Thread-4] org.apache.coyote.AbstractProtocol.stop Stopping ProtocolHandler ["ajp-apr-8029"]
18-Apr-2018 13:57:13.756 信息 [Thread-4] org.apache.coyote.AbstractProtocol.destroy Destroying ProtocolHandler ["http-apr-8100"]
18-Apr-2018 13:57:13.759 信息 [Thread-4] org.apache.coyote.AbstractProtocol.destroy Destroying ProtocolHandler ["ajp-apr-8029"]
18-Apr-2018 13:58:00.861 信息 [main] org.apache.catalina.startup.VersionLoggerListener.log Server version:        Apache Tomcat/8.0.51
18-Apr-2018 13:58:00.895 信息 [main] org.apache.catalina.startup.VersionLoggerListener.log Server built:          Apr 9 2018 21:20:15 UTC
18-Apr-2018 13:58:00.897 信息 [main] org.apache.catalina.startup.VersionLoggerListener.log Server number:         8.0.51.0
18-Apr-2018 13:58:00.898 信息 [main] org.apache.catalina.startup.VersionLoggerListener.log OS Name:               Windows 7
18-Apr-2018 13:58:00.899 信息 [main] org.apache.catalina.startup.VersionLoggerListener.log OS Version:            6.1
18-Apr-2018 13:58:00.900 信息 [main] org.apache.catalina.startup.VersionLoggerListener.log Architecture:          amd64
18-Apr-2018 13:58:00.902 信息 [main] org.apache.catalina.startup.VersionLoggerListener.log Java Home:             D:\Program Files\Java\jdk1.8.0_131\jre
18-Apr-2018 13:58:00.903 信息 [main] org.apache.catalina.startup.VersionLoggerListener.log JVM Version:           1.8.0_131-b11
18-Apr-2018 13:58:00.904 信息 [main] org.apache.catalina.startup.VersionLoggerListener.log JVM Vendor:            Oracle Corporation
18-Apr-2018 13:58:00.905 信息 [main] org.apache.catalina.startup.VersionLoggerListener.log CATALINA_BASE:         D:\javaBag\learnJava\solr\apache-tomcat-8.0.51
18-Apr-2018 13:58:00.907 信息 [main] org.apache.catalina.startup.VersionLoggerListener.log CATALINA_HOME:         D:\javaBag\learnJava\solr\apache-tomcat-8.0.51
18-Apr-2018 13:58:00.909 信息 [main] org.apache.catalina.startup.VersionLoggerListener.log Command line argument: -Djava.util.logging.config.file=D:\javaBag\learnJava\solr\apache-tomcat-8.0.51\conf\logging.properties
18-Apr-2018 13:58:00.911 信息 [main] org.apache.catalina.startup.VersionLoggerListener.log Command line argument: -Djava.util.logging.manager=org.apache.juli.ClassLoaderLogManager
18-Apr-2018 13:58:00.913 信息 [main] org.apache.catalina.startup.VersionLoggerListener.log Command line argument: -Djdk.tls.ephemeralDHKeySize=2048
18-Apr-2018 13:58:00.914 信息 [main] org.apache.catalina.startup.VersionLoggerListener.log Command line argument: -Djava.protocol.handler.pkgs=org.apache.catalina.webresources
18-Apr-2018 13:58:00.916 信息 [main] org.apache.catalina.startup.VersionLoggerListener.log Command line argument: -Dignore.endorsed.dirs=
18-Apr-2018 13:58:00.919 信息 [main] org.apache.catalina.startup.VersionLoggerListener.log Command line argument: -Dcatalina.base=D:\javaBag\learnJava\solr\apache-tomcat-8.0.51
18-Apr-2018 13:58:00.920 信息 [main] org.apache.catalina.startup.VersionLoggerListener.log Command line argument: -Dcatalina.home=D:\javaBag\learnJava\solr\apache-tomcat-8.0.51
18-Apr-2018 13:58:00.922 信息 [main] org.apache.catalina.startup.VersionLoggerListener.log Command line argument: -Djava.io.tmpdir=D:\javaBag\learnJava\solr\apache-tomcat-8.0.51\temp
18-Apr-2018 13:58:00.925 信息 [main] org.apache.catalina.core.AprLifecycleListener.lifecycleEvent Loaded APR based Apache Tomcat Native library 1.2.16 using APR version 1.6.3.
18-Apr-2018 13:58:00.928 信息 [main] org.apache.catalina.core.AprLifecycleListener.lifecycleEvent APR capabilities: IPv6 [true], sendfile [true], accept filters [false], random [true].
18-Apr-2018 13:58:02.081 信息 [main] org.apache.catalina.core.AprLifecycleListener.initializeSSL OpenSSL successfully initialized (OpenSSL 1.0.2m  2 Nov 2017)
18-Apr-2018 13:58:02.959 信息 [main] org.apache.coyote.AbstractProtocol.init Initializing ProtocolHandler ["http-apr-8100"]
18-Apr-2018 13:58:02.987 信息 [main] org.apache.coyote.AbstractProtocol.init Initializing ProtocolHandler ["ajp-apr-8029"]
18-Apr-2018 13:58:03.001 信息 [main] org.apache.catalina.startup.Catalina.load Initialization processed in 3511 ms
18-Apr-2018 13:58:03.194 信息 [main] org.apache.catalina.core.StandardService.startInternal Starting service Catalina
18-Apr-2018 13:58:03.197 信息 [main] org.apache.catalina.core.StandardEngine.startInternal Starting Servlet Engine: Apache Tomcat/8.0.51
18-Apr-2018 13:58:03.216 信息 [localhost-startStop-1] org.apache.catalina.startup.HostConfig.deployDirectory Deploying web application directory D:\javaBag\learnJava\solr\apache-tomcat-8.0.51\webapps\docs
18-Apr-2018 13:58:37.639 警告 [localhost-startStop-1] org.apache.catalina.util.SessionIdGeneratorBase.createSecureRandom Creation of SecureRandom instance for session ID generation using [SHA1PRNG] took [33,219] milliseconds.
18-Apr-2018 13:58:37.697 信息 [localhost-startStop-1] org.apache.catalina.startup.HostConfig.deployDirectory Deployment of web application directory D:\javaBag\learnJava\solr\apache-tomcat-8.0.51\webapps\docs has finished in 34,480 ms
18-Apr-2018 13:58:37.699 信息 [localhost-startStop-1] org.apache.catalina.startup.HostConfig.deployDirectory Deploying web application directory D:\javaBag\learnJava\solr\apache-tomcat-8.0.51\webapps\examples
18-Apr-2018 13:58:38.833 信息 [localhost-startStop-1] org.apache.catalina.startup.HostConfig.deployDirectory Deployment of web application directory D:\javaBag\learnJava\solr\apache-tomcat-8.0.51\webapps\examples has finished in 1,133 ms
18-Apr-2018 13:58:38.836 信息 [localhost-startStop-1] org.apache.catalina.startup.HostConfig.deployDirectory Deploying web application directory D:\javaBag\learnJava\solr\apache-tomcat-8.0.51\webapps\host-manager
18-Apr-2018 13:58:38.919 信息 [localhost-startStop-1] org.apache.catalina.startup.HostConfig.deployDirectory Deployment of web application directory D:\javaBag\learnJava\solr\apache-tomcat-8.0.51\webapps\host-manager has finished in 83 ms
18-Apr-2018 13:58:38.920 信息 [localhost-startStop-1] org.apache.catalina.startup.HostConfig.deployDirectory Deploying web application directory D:\javaBag\learnJava\solr\apache-tomcat-8.0.51\webapps\manager
18-Apr-2018 13:58:38.998 信息 [localhost-startStop-1] org.apache.catalina.startup.HostConfig.deployDirectory Deployment of web application directory D:\javaBag\learnJava\solr\apache-tomcat-8.0.51\webapps\manager has finished in 77 ms
18-Apr-2018 13:58:38.999 信息 [localhost-startStop-1] org.apache.catalina.startup.HostConfig.deployDirectory Deploying web application directory D:\javaBag\learnJava\solr\apache-tomcat-8.0.51\webapps\ROOT
18-Apr-2018 13:58:39.104 信息 [localhost-startStop-1] org.apache.catalina.startup.HostConfig.deployDirectory Deployment of web application directory D:\javaBag\learnJava\solr\apache-tomcat-8.0.51\webapps\ROOT has finished in 105 ms
18-Apr-2018 13:58:39.106 信息 [localhost-startStop-1] org.apache.catalina.startup.HostConfig.deployDirectory Deploying web application directory D:\javaBag\learnJava\solr\apache-tomcat-8.0.51\webapps\solr
18-Apr-2018 13:58:56.421 信息 [localhost-startStop-1] org.apache.jasper.servlet.TldScanner.scanJars At least one JAR was scanned for TLDs yet contained no TLDs. Enable debug logging for this logger for a complete list of JARs that were scanned but no TLDs were found in them. Skipping unneeded JARs during scanning can improve startup time and JSP compilation time.
18-Apr-2018 13:59:33.925 信息 [localhost-startStop-1] org.apache.catalina.startup.HostConfig.deployDirectory Deployment of web application directory D:\javaBag\learnJava\solr\apache-tomcat-8.0.51\webapps\solr has finished in 54,819 ms
18-Apr-2018 13:59:33.938 信息 [main] org.apache.coyote.AbstractProtocol.start Starting ProtocolHandler ["http-apr-8100"]
18-Apr-2018 13:59:33.998 信息 [main] org.apache.coyote.AbstractProtocol.start Starting ProtocolHandler ["ajp-apr-8029"]
18-Apr-2018 13:59:34.080 信息 [main] org.apache.catalina.startup.Catalina.start Server startup in 91086 ms
18-Apr-2018 15:21:08.583 信息 [Thread-4] org.apache.coyote.AbstractProtocol.pause Pausing ProtocolHandler ["http-apr-8100"]
18-Apr-2018 15:21:09.346 信息 [Thread-4] org.apache.coyote.AbstractProtocol.pause Pausing ProtocolHandler ["ajp-apr-8029"]
18-Apr-2018 15:21:09.488 信息 [Thread-4] org.apache.catalina.core.StandardService.stopInternal Stopping service Catalina
18-Apr-2018 15:21:15.628 信息 [Thread-4] org.apache.coyote.AbstractProtocol.stop Stopping ProtocolHandler ["http-apr-8100"]
18-Apr-2018 15:21:15.778 信息 [Thread-4] org.apache.coyote.AbstractProtocol.stop Stopping ProtocolHandler ["ajp-apr-8029"]
18-Apr-2018 15:21:16.082 信息 [Thread-4] org.apache.coyote.AbstractProtocol.destroy Destroying ProtocolHandler ["http-apr-8100"]
18-Apr-2018 15:21:16.168 信息 [Thread-4] org.apache.coyote.AbstractProtocol.destroy Destroying ProtocolHandler ["ajp-apr-8029"]
18-Apr-2018 15:21:24.281 信息 [main] org.apache.catalina.startup.VersionLoggerListener.log Server version:        Apache Tomcat/8.0.51
18-Apr-2018 15:21:24.310 信息 [main] org.apache.catalina.startup.VersionLoggerListener.log Server built:          Apr 9 2018 21:20:15 UTC
18-Apr-2018 15:21:24.312 信息 [main] org.apache.catalina.startup.VersionLoggerListener.log Server number:         8.0.51.0
18-Apr-2018 15:21:24.313 信息 [main] org.apache.catalina.startup.VersionLoggerListener.log OS Name:               Windows 7
18-Apr-2018 15:21:24.314 信息 [main] org.apache.catalina.startup.VersionLoggerListener.log OS Version:            6.1
18-Apr-2018 15:21:24.315 信息 [main] org.apache.catalina.startup.VersionLoggerListener.log Architecture:          amd64
18-Apr-2018 15:21:24.318 信息 [main] org.apache.catalina.startup.VersionLoggerListener.log Java Home:             D:\Program Files\Java\jdk1.8.0_131\jre
18-Apr-2018 15:21:24.319 信息 [main] org.apache.catalina.startup.VersionLoggerListener.log JVM Version:           1.8.0_131-b11
18-Apr-2018 15:21:24.320 信息 [main] org.apache.catalina.startup.VersionLoggerListener.log JVM Vendor:            Oracle Corporation
18-Apr-2018 15:21:24.321 信息 [main] org.apache.catalina.startup.VersionLoggerListener.log CATALINA_BASE:         D:\javaBag\learnJava\solr\apache-tomcat-8.0.51
18-Apr-2018 15:21:24.322 信息 [main] org.apache.catalina.startup.VersionLoggerListener.log CATALINA_HOME:         D:\javaBag\learnJava\solr\apache-tomcat-8.0.51
18-Apr-2018 15:21:24.324 信息 [main] org.apache.catalina.startup.VersionLoggerListener.log Command line argument: -Djava.util.logging.config.file=D:\javaBag\learnJava\solr\apache-tomcat-8.0.51\conf\logging.properties
18-Apr-2018 15:21:24.326 信息 [main] org.apache.catalina.startup.VersionLoggerListener.log Command line argument: -Djava.util.logging.manager=org.apache.juli.ClassLoaderLogManager
18-Apr-2018 15:21:24.327 信息 [main] org.apache.catalina.startup.VersionLoggerListener.log Command line argument: -Djdk.tls.ephemeralDHKeySize=2048
18-Apr-2018 15:21:24.329 信息 [main] org.apache.catalina.startup.VersionLoggerListener.log Command line argument: -Djava.protocol.handler.pkgs=org.apache.catalina.webresources
18-Apr-2018 15:21:24.331 信息 [main] org.apache.catalina.startup.VersionLoggerListener.log Command line argument: -Dignore.endorsed.dirs=
18-Apr-2018 15:21:24.334 信息 [main] org.apache.catalina.startup.VersionLoggerListener.log Command line argument: -Dcatalina.base=D:\javaBag\learnJava\solr\apache-tomcat-8.0.51
18-Apr-2018 15:21:24.336 信息 [main] org.apache.catalina.startup.VersionLoggerListener.log Command line argument: -Dcatalina.home=D:\javaBag\learnJava\solr\apache-tomcat-8.0.51
18-Apr-2018 15:21:24.338 信息 [main] org.apache.catalina.startup.VersionLoggerListener.log Command line argument: -Djava.io.tmpdir=D:\javaBag\learnJava\solr\apache-tomcat-8.0.51\temp
18-Apr-2018 15:21:24.341 信息 [main] org.apache.catalina.core.AprLifecycleListener.lifecycleEvent Loaded APR based Apache Tomcat Native library 1.2.16 using APR version 1.6.3.
18-Apr-2018 15:21:24.344 信息 [main] org.apache.catalina.core.AprLifecycleListener.lifecycleEvent APR capabilities: IPv6 [true], sendfile [true], accept filters [false], random [true].
18-Apr-2018 15:21:25.596 信息 [main] org.apache.catalina.core.AprLifecycleListener.initializeSSL OpenSSL successfully initialized (OpenSSL 1.0.2m  2 Nov 2017)
18-Apr-2018 15:21:28.099 信息 [main] org.apache.coyote.AbstractProtocol.init Initializing ProtocolHandler ["http-apr-8100"]
18-Apr-2018 15:21:28.199 信息 [main] org.apache.coyote.AbstractProtocol.init Initializing ProtocolHandler ["ajp-apr-8029"]
18-Apr-2018 15:21:28.208 信息 [main] org.apache.catalina.startup.Catalina.load Initialization processed in 6368 ms
18-Apr-2018 15:21:28.603 信息 [main] org.apache.catalina.core.StandardService.startInternal Starting service Catalina
18-Apr-2018 15:21:28.604 信息 [main] org.apache.catalina.core.StandardEngine.startInternal Starting Servlet Engine: Apache Tomcat/8.0.51
18-Apr-2018 15:21:28.806 信息 [localhost-startStop-1] org.apache.catalina.startup.HostConfig.deployDirectory Deploying web application directory D:\javaBag\learnJava\solr\apache-tomcat-8.0.51\webapps\docs
18-Apr-2018 15:21:53.011 警告 [localhost-startStop-1] org.apache.catalina.util.SessionIdGeneratorBase.createSecureRandom Creation of SecureRandom instance for session ID generation using [SHA1PRNG] took [20,999] milliseconds.
18-Apr-2018 15:21:53.251 信息 [localhost-startStop-1] org.apache.catalina.startup.HostConfig.deployDirectory Deployment of web application directory D:\javaBag\learnJava\solr\apache-tomcat-8.0.51\webapps\docs has finished in 24,445 ms
18-Apr-2018 15:21:53.253 信息 [localhost-startStop-1] org.apache.catalina.startup.HostConfig.deployDirectory Deploying web application directory D:\javaBag\learnJava\solr\apache-tomcat-8.0.51\webapps\examples
18-Apr-2018 15:21:55.089 信息 [localhost-startStop-1] org.apache.catalina.startup.HostConfig.deployDirectory Deployment of web application directory D:\javaBag\learnJava\solr\apache-tomcat-8.0.51\webapps\examples has finished in 1,836 ms
18-Apr-2018 15:21:55.091 信息 [localhost-startStop-1] org.apache.catalina.startup.HostConfig.deployDirectory Deploying web application directory D:\javaBag\learnJava\solr\apache-tomcat-8.0.51\webapps\host-manager
18-Apr-2018 15:21:55.183 信息 [localhost-startStop-1] org.apache.catalina.startup.HostConfig.deployDirectory Deployment of web application directory D:\javaBag\learnJava\solr\apache-tomcat-8.0.51\webapps\host-manager has finished in 92 ms
18-Apr-2018 15:21:55.185 信息 [localhost-startStop-1] org.apache.catalina.startup.HostConfig.deployDirectory Deploying web application directory D:\javaBag\learnJava\solr\apache-tomcat-8.0.51\webapps\manager
18-Apr-2018 15:21:55.319 信息 [localhost-startStop-1] org.apache.catalina.startup.HostConfig.deployDirectory Deployment of web application directory D:\javaBag\learnJava\solr\apache-tomcat-8.0.51\webapps\manager has finished in 134 ms
18-Apr-2018 15:21:55.323 信息 [localhost-startStop-1] org.apache.catalina.startup.HostConfig.deployDirectory Deploying web application directory D:\javaBag\learnJava\solr\apache-tomcat-8.0.51\webapps\ROOT
18-Apr-2018 15:21:55.368 信息 [localhost-startStop-1] org.apache.catalina.startup.HostConfig.deployDirectory Deployment of web application directory D:\javaBag\learnJava\solr\apache-tomcat-8.0.51\webapps\ROOT has finished in 45 ms
18-Apr-2018 15:21:55.369 信息 [localhost-startStop-1] org.apache.catalina.startup.HostConfig.deployDirectory Deploying web application directory D:\javaBag\learnJava\solr\apache-tomcat-8.0.51\webapps\solr
18-Apr-2018 15:22:15.156 信息 [localhost-startStop-1] org.apache.jasper.servlet.TldScanner.scanJars At least one JAR was scanned for TLDs yet contained no TLDs. Enable debug logging for this logger for a complete list of JARs that were scanned but no TLDs were found in them. Skipping unneeded JARs during scanning can improve startup time and JSP compilation time.
18-Apr-2018 15:22:43.093 信息 [localhost-startStop-1] org.apache.catalina.startup.HostConfig.deployDirectory Deployment of web application directory D:\javaBag\learnJava\solr\apache-tomcat-8.0.51\webapps\solr has finished in 47,723 ms
18-Apr-2018 15:22:43.126 信息 [main] org.apache.coyote.AbstractProtocol.start Starting ProtocolHandler ["http-apr-8100"]
18-Apr-2018 15:22:43.270 信息 [main] org.apache.coyote.AbstractProtocol.start Starting ProtocolHandler ["ajp-apr-8029"]
18-Apr-2018 15:22:43.465 信息 [main] org.apache.catalina.startup.Catalina.start Server startup in 75255 ms
