18-Apr-2018 13:36:16.458 信息 [localhost-startStop-1] org.apache.catalina.core.ApplicationContext.log ContextListener: contextInitialized()
18-Apr-2018 13:36:16.458 信息 [localhost-startStop-1] org.apache.catalina.core.ApplicationContext.log SessionListener: contextInitialized()
18-Apr-2018 13:36:16.462 信息 [localhost-startStop-1] org.apache.catalina.core.ApplicationContext.log ContextListener: attributeAdded('StockTicker', 'async.Stockticker@11c3ea93')
18-Apr-2018 13:42:09.666 信息 [localhost-startStop-2] org.apache.catalina.core.ApplicationContext.log SessionListener: contextDestroyed()
18-Apr-2018 13:42:09.667 信息 [localhost-startStop-2] org.apache.catalina.core.ApplicationContext.log ContextListener: contextDestroyed()
18-Apr-2018 13:42:45.866 信息 [localhost-startStop-1] org.apache.catalina.core.ApplicationContext.log ContextListener: contextInitialized()
18-Apr-2018 13:42:45.866 信息 [localhost-startStop-1] org.apache.catalina.core.ApplicationContext.log SessionListener: contextInitialized()
18-Apr-2018 13:42:45.870 信息 [localhost-startStop-1] org.apache.catalina.core.ApplicationContext.log ContextListener: attributeAdded('StockTicker', 'async.Stockticker@25d8c638')
18-Apr-2018 13:45:00.589 严重 [http-apr-8100-exec-4] org.apache.catalina.core.StandardWrapperValve.invoke Servlet.service() for servlet [default] in context with path [/solr] threw exception [Filter execution threw an exception] with root cause
 java.lang.AbstractMethodError
	at org.apache.lucene.analysis.Analyzer.tokenStream(Analyzer.java:198)
	at org.apache.solr.handler.AnalysisRequestHandlerBase.analyzeValue(AnalysisRequestHandlerBase.java:100)
	at org.apache.solr.handler.FieldAnalysisRequestHandler.analyzeValues(FieldAnalysisRequestHandler.java:220)
	at org.apache.solr.handler.FieldAnalysisRequestHandler.handleAnalysisRequest(FieldAnalysisRequestHandler.java:181)
	at org.apache.solr.handler.FieldAnalysisRequestHandler.doAnalysis(FieldAnalysisRequestHandler.java:101)
	at org.apache.solr.handler.AnalysisRequestHandlerBase.handleRequestBody(AnalysisRequestHandlerBase.java:72)
	at org.apache.solr.handler.RequestHandlerBase.handleRequest(RequestHandlerBase.java:154)
	at org.apache.solr.core.SolrCore.execute(SolrCore.java:2089)
	at org.apache.solr.servlet.HttpSolrCall.execute(HttpSolrCall.java:652)
	at org.apache.solr.servlet.HttpSolrCall.call(HttpSolrCall.java:459)
	at org.apache.solr.servlet.SolrDispatchFilter.doFilter(SolrDispatchFilter.java:257)
	at org.apache.solr.servlet.SolrDispatchFilter.doFilter(SolrDispatchFilter.java:208)
	at org.apache.catalina.core.ApplicationFilterChain.internalDoFilter(ApplicationFilterChain.java:240)
	at org.apache.catalina.core.ApplicationFilterChain.doFilter(ApplicationFilterChain.java:207)
	at org.apache.catalina.core.StandardWrapperValve.invoke(StandardWrapperValve.java:212)
	at org.apache.catalina.core.StandardContextValve.invoke(StandardContextValve.java:94)
	at org.apache.catalina.authenticator.AuthenticatorBase.invoke(AuthenticatorBase.java:496)
	at org.apache.catalina.core.StandardHostValve.invoke(StandardHostValve.java:141)
	at org.apache.catalina.valves.ErrorReportValve.invoke(ErrorReportValve.java:79)
	at org.apache.catalina.valves.AbstractAccessLogValve.invoke(AbstractAccessLogValve.java:620)
	at org.apache.catalina.core.StandardEngineValve.invoke(StandardEngineValve.java:88)
	at org.apache.catalina.connector.CoyoteAdapter.service(CoyoteAdapter.java:502)
	at org.apache.coyote.http11.AbstractHttp11Processor.process(AbstractHttp11Processor.java:1132)
	at org.apache.coyote.AbstractProtocol$AbstractConnectionHandler.process(AbstractProtocol.java:684)
	at org.apache.tomcat.util.net.AprEndpoint$SocketProcessor.doRun(AprEndpoint.java:2527)
	at org.apache.tomcat.util.net.AprEndpoint$SocketProcessor.run(AprEndpoint.java:2516)
	at java.util.concurrent.ThreadPoolExecutor.runWorker(ThreadPoolExecutor.java:1142)
	at java.util.concurrent.ThreadPoolExecutor$Worker.run(ThreadPoolExecutor.java:617)
	at org.apache.tomcat.util.threads.TaskThread$WrappingRunnable.run(TaskThread.java:61)
	at java.lang.Thread.run(Thread.java:748)

18-Apr-2018 13:57:13.425 信息 [localhost-startStop-2] org.apache.catalina.core.ApplicationContext.log SessionListener: contextDestroyed()
18-Apr-2018 13:57:13.426 信息 [localhost-startStop-2] org.apache.catalina.core.ApplicationContext.log ContextListener: contextDestroyed()
18-Apr-2018 13:58:38.815 信息 [localhost-startStop-1] org.apache.catalina.core.ApplicationContext.log ContextListener: contextInitialized()
18-Apr-2018 13:58:38.815 信息 [localhost-startStop-1] org.apache.catalina.core.ApplicationContext.log SessionListener: contextInitialized()
18-Apr-2018 13:58:38.817 信息 [localhost-startStop-1] org.apache.catalina.core.ApplicationContext.log ContextListener: attributeAdded('StockTicker', 'async.Stockticker@4c6381f2')
18-Apr-2018 14:16:48.385 严重 [http-apr-8100-exec-9] org.apache.catalina.core.StandardWrapperValve.invoke Servlet.service() for servlet [default] in context with path [/solr] threw exception [Filter execution threw an exception] with root cause
 java.lang.AbstractMethodError
	at org.apache.lucene.analysis.Analyzer.tokenStream(Analyzer.java:198)
	at org.apache.solr.handler.AnalysisRequestHandlerBase.analyzeValue(AnalysisRequestHandlerBase.java:100)
	at org.apache.solr.handler.FieldAnalysisRequestHandler.analyzeValues(FieldAnalysisRequestHandler.java:220)
	at org.apache.solr.handler.FieldAnalysisRequestHandler.handleAnalysisRequest(FieldAnalysisRequestHandler.java:181)
	at org.apache.solr.handler.FieldAnalysisRequestHandler.doAnalysis(FieldAnalysisRequestHandler.java:101)
	at org.apache.solr.handler.AnalysisRequestHandlerBase.handleRequestBody(AnalysisRequestHandlerBase.java:72)
	at org.apache.solr.handler.RequestHandlerBase.handleRequest(RequestHandlerBase.java:154)
	at org.apache.solr.core.SolrCore.execute(SolrCore.java:2089)
	at org.apache.solr.servlet.HttpSolrCall.execute(HttpSolrCall.java:652)
	at org.apache.solr.servlet.HttpSolrCall.call(HttpSolrCall.java:459)
	at org.apache.solr.servlet.SolrDispatchFilter.doFilter(SolrDispatchFilter.java:257)
	at org.apache.solr.servlet.SolrDispatchFilter.doFilter(SolrDispatchFilter.java:208)
	at org.apache.catalina.core.ApplicationFilterChain.internalDoFilter(ApplicationFilterChain.java:240)
	at org.apache.catalina.core.ApplicationFilterChain.doFilter(ApplicationFilterChain.java:207)
	at org.apache.catalina.core.StandardWrapperValve.invoke(StandardWrapperValve.java:212)
	at org.apache.catalina.core.StandardContextValve.invoke(StandardContextValve.java:94)
	at org.apache.catalina.authenticator.AuthenticatorBase.invoke(AuthenticatorBase.java:496)
	at org.apache.catalina.core.StandardHostValve.invoke(StandardHostValve.java:141)
	at org.apache.catalina.valves.ErrorReportValve.invoke(ErrorReportValve.java:79)
	at org.apache.catalina.valves.AbstractAccessLogValve.invoke(AbstractAccessLogValve.java:620)
	at org.apache.catalina.core.StandardEngineValve.invoke(StandardEngineValve.java:88)
	at org.apache.catalina.connector.CoyoteAdapter.service(CoyoteAdapter.java:502)
	at org.apache.coyote.http11.AbstractHttp11Processor.process(AbstractHttp11Processor.java:1132)
	at org.apache.coyote.AbstractProtocol$AbstractConnectionHandler.process(AbstractProtocol.java:684)
	at org.apache.tomcat.util.net.AprEndpoint$SocketProcessor.doRun(AprEndpoint.java:2527)
	at org.apache.tomcat.util.net.AprEndpoint$SocketProcessor.run(AprEndpoint.java:2516)
	at java.util.concurrent.ThreadPoolExecutor.runWorker(ThreadPoolExecutor.java:1142)
	at java.util.concurrent.ThreadPoolExecutor$Worker.run(ThreadPoolExecutor.java:617)
	at org.apache.tomcat.util.threads.TaskThread$WrappingRunnable.run(TaskThread.java:61)
	at java.lang.Thread.run(Thread.java:748)

18-Apr-2018 14:17:01.981 严重 [http-apr-8100-exec-6] org.apache.catalina.core.StandardWrapperValve.invoke Servlet.service() for servlet [default] in context with path [/solr] threw exception [Filter execution threw an exception] with root cause
 java.lang.AbstractMethodError
	at org.apache.lucene.analysis.Analyzer.tokenStream(Analyzer.java:198)
	at org.apache.solr.handler.AnalysisRequestHandlerBase.analyzeValue(AnalysisRequestHandlerBase.java:100)
	at org.apache.solr.handler.FieldAnalysisRequestHandler.analyzeValues(FieldAnalysisRequestHandler.java:220)
	at org.apache.solr.handler.FieldAnalysisRequestHandler.handleAnalysisRequest(FieldAnalysisRequestHandler.java:181)
	at org.apache.solr.handler.FieldAnalysisRequestHandler.doAnalysis(FieldAnalysisRequestHandler.java:101)
	at org.apache.solr.handler.AnalysisRequestHandlerBase.handleRequestBody(AnalysisRequestHandlerBase.java:72)
	at org.apache.solr.handler.RequestHandlerBase.handleRequest(RequestHandlerBase.java:154)
	at org.apache.solr.core.SolrCore.execute(SolrCore.java:2089)
	at org.apache.solr.servlet.HttpSolrCall.execute(HttpSolrCall.java:652)
	at org.apache.solr.servlet.HttpSolrCall.call(HttpSolrCall.java:459)
	at org.apache.solr.servlet.SolrDispatchFilter.doFilter(SolrDispatchFilter.java:257)
	at org.apache.solr.servlet.SolrDispatchFilter.doFilter(SolrDispatchFilter.java:208)
	at org.apache.catalina.core.ApplicationFilterChain.internalDoFilter(ApplicationFilterChain.java:240)
	at org.apache.catalina.core.ApplicationFilterChain.doFilter(ApplicationFilterChain.java:207)
	at org.apache.catalina.core.StandardWrapperValve.invoke(StandardWrapperValve.java:212)
	at org.apache.catalina.core.StandardContextValve.invoke(StandardContextValve.java:94)
	at org.apache.catalina.authenticator.AuthenticatorBase.invoke(AuthenticatorBase.java:496)
	at org.apache.catalina.core.StandardHostValve.invoke(StandardHostValve.java:141)
	at org.apache.catalina.valves.ErrorReportValve.invoke(ErrorReportValve.java:79)
	at org.apache.catalina.valves.AbstractAccessLogValve.invoke(AbstractAccessLogValve.java:620)
	at org.apache.catalina.core.StandardEngineValve.invoke(StandardEngineValve.java:88)
	at org.apache.catalina.connector.CoyoteAdapter.service(CoyoteAdapter.java:502)
	at org.apache.coyote.http11.AbstractHttp11Processor.process(AbstractHttp11Processor.java:1132)
	at org.apache.coyote.AbstractProtocol$AbstractConnectionHandler.process(AbstractProtocol.java:684)
	at org.apache.tomcat.util.net.AprEndpoint$SocketProcessor.doRun(AprEndpoint.java:2527)
	at org.apache.tomcat.util.net.AprEndpoint$SocketProcessor.run(AprEndpoint.java:2516)
	at java.util.concurrent.ThreadPoolExecutor.runWorker(ThreadPoolExecutor.java:1142)
	at java.util.concurrent.ThreadPoolExecutor$Worker.run(ThreadPoolExecutor.java:617)
	at org.apache.tomcat.util.threads.TaskThread$WrappingRunnable.run(TaskThread.java:61)
	at java.lang.Thread.run(Thread.java:748)

18-Apr-2018 14:17:09.545 严重 [http-apr-8100-exec-5] org.apache.catalina.core.StandardWrapperValve.invoke Servlet.service() for servlet [default] in context with path [/solr] threw exception [Filter execution threw an exception] with root cause
 java.lang.AbstractMethodError
	at org.apache.lucene.analysis.Analyzer.tokenStream(Analyzer.java:198)
	at org.apache.solr.handler.AnalysisRequestHandlerBase.analyzeValue(AnalysisRequestHandlerBase.java:100)
	at org.apache.solr.handler.FieldAnalysisRequestHandler.analyzeValues(FieldAnalysisRequestHandler.java:220)
	at org.apache.solr.handler.FieldAnalysisRequestHandler.handleAnalysisRequest(FieldAnalysisRequestHandler.java:181)
	at org.apache.solr.handler.FieldAnalysisRequestHandler.doAnalysis(FieldAnalysisRequestHandler.java:101)
	at org.apache.solr.handler.AnalysisRequestHandlerBase.handleRequestBody(AnalysisRequestHandlerBase.java:72)
	at org.apache.solr.handler.RequestHandlerBase.handleRequest(RequestHandlerBase.java:154)
	at org.apache.solr.core.SolrCore.execute(SolrCore.java:2089)
	at org.apache.solr.servlet.HttpSolrCall.execute(HttpSolrCall.java:652)
	at org.apache.solr.servlet.HttpSolrCall.call(HttpSolrCall.java:459)
	at org.apache.solr.servlet.SolrDispatchFilter.doFilter(SolrDispatchFilter.java:257)
	at org.apache.solr.servlet.SolrDispatchFilter.doFilter(SolrDispatchFilter.java:208)
	at org.apache.catalina.core.ApplicationFilterChain.internalDoFilter(ApplicationFilterChain.java:240)
	at org.apache.catalina.core.ApplicationFilterChain.doFilter(ApplicationFilterChain.java:207)
	at org.apache.catalina.core.StandardWrapperValve.invoke(StandardWrapperValve.java:212)
	at org.apache.catalina.core.StandardContextValve.invoke(StandardContextValve.java:94)
	at org.apache.catalina.authenticator.AuthenticatorBase.invoke(AuthenticatorBase.java:496)
	at org.apache.catalina.core.StandardHostValve.invoke(StandardHostValve.java:141)
	at org.apache.catalina.valves.ErrorReportValve.invoke(ErrorReportValve.java:79)
	at org.apache.catalina.valves.AbstractAccessLogValve.invoke(AbstractAccessLogValve.java:620)
	at org.apache.catalina.core.StandardEngineValve.invoke(StandardEngineValve.java:88)
	at org.apache.catalina.connector.CoyoteAdapter.service(CoyoteAdapter.java:502)
	at org.apache.coyote.http11.AbstractHttp11Processor.process(AbstractHttp11Processor.java:1132)
	at org.apache.coyote.AbstractProtocol$AbstractConnectionHandler.process(AbstractProtocol.java:684)
	at org.apache.tomcat.util.net.AprEndpoint$SocketProcessor.doRun(AprEndpoint.java:2527)
	at org.apache.tomcat.util.net.AprEndpoint$SocketProcessor.run(AprEndpoint.java:2516)
	at java.util.concurrent.ThreadPoolExecutor.runWorker(ThreadPoolExecutor.java:1142)
	at java.util.concurrent.ThreadPoolExecutor$Worker.run(ThreadPoolExecutor.java:617)
	at org.apache.tomcat.util.threads.TaskThread$WrappingRunnable.run(TaskThread.java:61)
	at java.lang.Thread.run(Thread.java:748)

18-Apr-2018 14:17:13.103 严重 [http-apr-8100-exec-7] org.apache.catalina.core.StandardWrapperValve.invoke Servlet.service() for servlet [default] in context with path [/solr] threw exception [Filter execution threw an exception] with root cause
 java.lang.AbstractMethodError
	at org.apache.lucene.analysis.Analyzer.tokenStream(Analyzer.java:198)
	at org.apache.solr.handler.AnalysisRequestHandlerBase.getQueryTokenSet(AnalysisRequestHandlerBase.java:154)
	at org.apache.solr.handler.FieldAnalysisRequestHandler.analyzeValues(FieldAnalysisRequestHandler.java:214)
	at org.apache.solr.handler.FieldAnalysisRequestHandler.handleAnalysisRequest(FieldAnalysisRequestHandler.java:181)
	at org.apache.solr.handler.FieldAnalysisRequestHandler.doAnalysis(FieldAnalysisRequestHandler.java:101)
	at org.apache.solr.handler.AnalysisRequestHandlerBase.handleRequestBody(AnalysisRequestHandlerBase.java:72)
	at org.apache.solr.handler.RequestHandlerBase.handleRequest(RequestHandlerBase.java:154)
	at org.apache.solr.core.SolrCore.execute(SolrCore.java:2089)
	at org.apache.solr.servlet.HttpSolrCall.execute(HttpSolrCall.java:652)
	at org.apache.solr.servlet.HttpSolrCall.call(HttpSolrCall.java:459)
	at org.apache.solr.servlet.SolrDispatchFilter.doFilter(SolrDispatchFilter.java:257)
	at org.apache.solr.servlet.SolrDispatchFilter.doFilter(SolrDispatchFilter.java:208)
	at org.apache.catalina.core.ApplicationFilterChain.internalDoFilter(ApplicationFilterChain.java:240)
	at org.apache.catalina.core.ApplicationFilterChain.doFilter(ApplicationFilterChain.java:207)
	at org.apache.catalina.core.StandardWrapperValve.invoke(StandardWrapperValve.java:212)
	at org.apache.catalina.core.StandardContextValve.invoke(StandardContextValve.java:94)
	at org.apache.catalina.authenticator.AuthenticatorBase.invoke(AuthenticatorBase.java:496)
	at org.apache.catalina.core.StandardHostValve.invoke(StandardHostValve.java:141)
	at org.apache.catalina.valves.ErrorReportValve.invoke(ErrorReportValve.java:79)
	at org.apache.catalina.valves.AbstractAccessLogValve.invoke(AbstractAccessLogValve.java:620)
	at org.apache.catalina.core.StandardEngineValve.invoke(StandardEngineValve.java:88)
	at org.apache.catalina.connector.CoyoteAdapter.service(CoyoteAdapter.java:502)
	at org.apache.coyote.http11.AbstractHttp11Processor.process(AbstractHttp11Processor.java:1132)
	at org.apache.coyote.AbstractProtocol$AbstractConnectionHandler.process(AbstractProtocol.java:684)
	at org.apache.tomcat.util.net.AprEndpoint$SocketProcessor.doRun(AprEndpoint.java:2527)
	at org.apache.tomcat.util.net.AprEndpoint$SocketProcessor.run(AprEndpoint.java:2516)
	at java.util.concurrent.ThreadPoolExecutor.runWorker(ThreadPoolExecutor.java:1142)
	at java.util.concurrent.ThreadPoolExecutor$Worker.run(ThreadPoolExecutor.java:617)
	at org.apache.tomcat.util.threads.TaskThread$WrappingRunnable.run(TaskThread.java:61)
	at java.lang.Thread.run(Thread.java:748)

18-Apr-2018 14:17:18.279 严重 [http-apr-8100-exec-2] org.apache.catalina.core.StandardWrapperValve.invoke Servlet.service() for servlet [default] in context with path [/solr] threw exception [Filter execution threw an exception] with root cause
 java.lang.AbstractMethodError
	at org.apache.lucene.analysis.Analyzer.tokenStream(Analyzer.java:198)
	at org.apache.solr.handler.AnalysisRequestHandlerBase.getQueryTokenSet(AnalysisRequestHandlerBase.java:154)
	at org.apache.solr.handler.FieldAnalysisRequestHandler.analyzeValues(FieldAnalysisRequestHandler.java:214)
	at org.apache.solr.handler.FieldAnalysisRequestHandler.handleAnalysisRequest(FieldAnalysisRequestHandler.java:181)
	at org.apache.solr.handler.FieldAnalysisRequestHandler.doAnalysis(FieldAnalysisRequestHandler.java:101)
	at org.apache.solr.handler.AnalysisRequestHandlerBase.handleRequestBody(AnalysisRequestHandlerBase.java:72)
	at org.apache.solr.handler.RequestHandlerBase.handleRequest(RequestHandlerBase.java:154)
	at org.apache.solr.core.SolrCore.execute(SolrCore.java:2089)
	at org.apache.solr.servlet.HttpSolrCall.execute(HttpSolrCall.java:652)
	at org.apache.solr.servlet.HttpSolrCall.call(HttpSolrCall.java:459)
	at org.apache.solr.servlet.SolrDispatchFilter.doFilter(SolrDispatchFilter.java:257)
	at org.apache.solr.servlet.SolrDispatchFilter.doFilter(SolrDispatchFilter.java:208)
	at org.apache.catalina.core.ApplicationFilterChain.internalDoFilter(ApplicationFilterChain.java:240)
	at org.apache.catalina.core.ApplicationFilterChain.doFilter(ApplicationFilterChain.java:207)
	at org.apache.catalina.core.StandardWrapperValve.invoke(StandardWrapperValve.java:212)
	at org.apache.catalina.core.StandardContextValve.invoke(StandardContextValve.java:94)
	at org.apache.catalina.authenticator.AuthenticatorBase.invoke(AuthenticatorBase.java:496)
	at org.apache.catalina.core.StandardHostValve.invoke(StandardHostValve.java:141)
	at org.apache.catalina.valves.ErrorReportValve.invoke(ErrorReportValve.java:79)
	at org.apache.catalina.valves.AbstractAccessLogValve.invoke(AbstractAccessLogValve.java:620)
	at org.apache.catalina.core.StandardEngineValve.invoke(StandardEngineValve.java:88)
	at org.apache.catalina.connector.CoyoteAdapter.service(CoyoteAdapter.java:502)
	at org.apache.coyote.http11.AbstractHttp11Processor.process(AbstractHttp11Processor.java:1132)
	at org.apache.coyote.AbstractProtocol$AbstractConnectionHandler.process(AbstractProtocol.java:684)
	at org.apache.tomcat.util.net.AprEndpoint$SocketProcessor.doRun(AprEndpoint.java:2527)
	at org.apache.tomcat.util.net.AprEndpoint$SocketProcessor.run(AprEndpoint.java:2516)
	at java.util.concurrent.ThreadPoolExecutor.runWorker(ThreadPoolExecutor.java:1142)
	at java.util.concurrent.ThreadPoolExecutor$Worker.run(ThreadPoolExecutor.java:617)
	at org.apache.tomcat.util.threads.TaskThread$WrappingRunnable.run(TaskThread.java:61)
	at java.lang.Thread.run(Thread.java:748)

18-Apr-2018 14:54:26.516 严重 [http-apr-8100-exec-6] org.apache.catalina.core.StandardWrapperValve.invoke Servlet.service() for servlet [default] in context with path [/solr] threw exception [Filter execution threw an exception] with root cause
 java.lang.AbstractMethodError
	at org.apache.lucene.analysis.AnalyzerWrapper.createComponents(AnalyzerWrapper.java:101)
	at org.apache.lucene.analysis.AnalyzerWrapper.createComponents(AnalyzerWrapper.java:101)
	at org.apache.lucene.analysis.Analyzer.tokenStream(Analyzer.java:198)
	at org.apache.lucene.document.Field.tokenStream(Field.java:570)
	at org.apache.lucene.index.DefaultIndexingChain$PerField.invert(DefaultIndexingChain.java:708)
	at org.apache.lucene.index.DefaultIndexingChain.processField(DefaultIndexingChain.java:417)
	at org.apache.lucene.index.DefaultIndexingChain.processDocument(DefaultIndexingChain.java:373)
	at org.apache.lucene.index.DocumentsWriterPerThread.updateDocument(DocumentsWriterPerThread.java:231)
	at org.apache.lucene.index.DocumentsWriter.updateDocument(DocumentsWriter.java:478)
	at org.apache.lucene.index.IndexWriter.updateDocument(IndexWriter.java:1562)
	at org.apache.solr.update.DirectUpdateHandler2.doNormalUpdate(DirectUpdateHandler2.java:282)
	at org.apache.solr.update.DirectUpdateHandler2.addDoc0(DirectUpdateHandler2.java:214)
	at org.apache.solr.update.DirectUpdateHandler2.addDoc(DirectUpdateHandler2.java:169)
	at org.apache.solr.update.processor.RunUpdateProcessor.processAdd(RunUpdateProcessorFactory.java:67)
	at org.apache.solr.update.processor.UpdateRequestProcessor.processAdd(UpdateRequestProcessor.java:48)
	at org.apache.solr.update.processor.DistributedUpdateProcessor.doLocalAdd(DistributedUpdateProcessor.java:939)
	at org.apache.solr.update.processor.DistributedUpdateProcessor.versionAdd(DistributedUpdateProcessor.java:1094)
	at org.apache.solr.update.processor.DistributedUpdateProcessor.processAdd(DistributedUpdateProcessor.java:720)
	at org.apache.solr.update.processor.LogUpdateProcessorFactory$LogUpdateProcessor.processAdd(LogUpdateProcessorFactory.java:103)
	at org.apache.solr.handler.loader.JavabinLoader$1.update(JavabinLoader.java:97)
	at org.apache.solr.client.solrj.request.JavaBinUpdateRequestCodec$1.readOuterMostDocIterator(JavaBinUpdateRequestCodec.java:179)
	at org.apache.solr.client.solrj.request.JavaBinUpdateRequestCodec$1.readIterator(JavaBinUpdateRequestCodec.java:135)
	at org.apache.solr.common.util.JavaBinCodec.readVal(JavaBinCodec.java:274)
	at org.apache.solr.client.solrj.request.JavaBinUpdateRequestCodec$1.readNamedList(JavaBinUpdateRequestCodec.java:121)
	at org.apache.solr.common.util.JavaBinCodec.readVal(JavaBinCodec.java:239)
	at org.apache.solr.common.util.JavaBinCodec.unmarshal(JavaBinCodec.java:157)
	at org.apache.solr.client.solrj.request.JavaBinUpdateRequestCodec.unmarshal(JavaBinUpdateRequestCodec.java:186)
	at org.apache.solr.handler.loader.JavabinLoader.parseAndLoadDocs(JavabinLoader.java:107)
	at org.apache.solr.handler.loader.JavabinLoader.load(JavabinLoader.java:54)
	at org.apache.solr.handler.UpdateRequestHandler$1.load(UpdateRequestHandler.java:97)
	at org.apache.solr.handler.ContentStreamHandlerBase.handleRequestBody(ContentStreamHandlerBase.java:68)
	at org.apache.solr.handler.RequestHandlerBase.handleRequest(RequestHandlerBase.java:154)
	at org.apache.solr.core.SolrCore.execute(SolrCore.java:2089)
	at org.apache.solr.servlet.HttpSolrCall.execute(HttpSolrCall.java:652)
	at org.apache.solr.servlet.HttpSolrCall.call(HttpSolrCall.java:459)
	at org.apache.solr.servlet.SolrDispatchFilter.doFilter(SolrDispatchFilter.java:257)
	at org.apache.solr.servlet.SolrDispatchFilter.doFilter(SolrDispatchFilter.java:208)
	at org.apache.catalina.core.ApplicationFilterChain.internalDoFilter(ApplicationFilterChain.java:240)
	at org.apache.catalina.core.ApplicationFilterChain.doFilter(ApplicationFilterChain.java:207)
	at org.apache.catalina.core.StandardWrapperValve.invoke(StandardWrapperValve.java:212)
	at org.apache.catalina.core.StandardContextValve.invoke(StandardContextValve.java:94)
	at org.apache.catalina.authenticator.AuthenticatorBase.invoke(AuthenticatorBase.java:496)
	at org.apache.catalina.core.StandardHostValve.invoke(StandardHostValve.java:141)
	at org.apache.catalina.valves.ErrorReportValve.invoke(ErrorReportValve.java:79)
	at org.apache.catalina.valves.AbstractAccessLogValve.invoke(AbstractAccessLogValve.java:620)
	at org.apache.catalina.core.StandardEngineValve.invoke(StandardEngineValve.java:88)
	at org.apache.catalina.connector.CoyoteAdapter.service(CoyoteAdapter.java:502)
	at org.apache.coyote.http11.AbstractHttp11Processor.process(AbstractHttp11Processor.java:1132)
	at org.apache.coyote.AbstractProtocol$AbstractConnectionHandler.process(AbstractProtocol.java:684)
	at org.apache.tomcat.util.net.AprEndpoint$SocketProcessor.doRun(AprEndpoint.java:2527)
	at org.apache.tomcat.util.net.AprEndpoint$SocketProcessor.run(AprEndpoint.java:2516)
	at java.util.concurrent.ThreadPoolExecutor.runWorker(ThreadPoolExecutor.java:1142)
	at java.util.concurrent.ThreadPoolExecutor$Worker.run(ThreadPoolExecutor.java:617)
	at org.apache.tomcat.util.threads.TaskThread$WrappingRunnable.run(TaskThread.java:61)
	at java.lang.Thread.run(Thread.java:748)

18-Apr-2018 14:59:12.244 严重 [http-apr-8100-exec-8] org.apache.catalina.core.StandardWrapperValve.invoke Servlet.service() for servlet [default] in context with path [/solr] threw exception [Filter execution threw an exception] with root cause
 java.lang.AbstractMethodError
	at org.apache.lucene.analysis.AnalyzerWrapper.createComponents(AnalyzerWrapper.java:101)
	at org.apache.lucene.analysis.AnalyzerWrapper.createComponents(AnalyzerWrapper.java:101)
	at org.apache.lucene.analysis.Analyzer.tokenStream(Analyzer.java:198)
	at org.apache.lucene.document.Field.tokenStream(Field.java:570)
	at org.apache.lucene.index.DefaultIndexingChain$PerField.invert(DefaultIndexingChain.java:708)
	at org.apache.lucene.index.DefaultIndexingChain.processField(DefaultIndexingChain.java:417)
	at org.apache.lucene.index.DefaultIndexingChain.processDocument(DefaultIndexingChain.java:373)
	at org.apache.lucene.index.DocumentsWriterPerThread.updateDocument(DocumentsWriterPerThread.java:231)
	at org.apache.lucene.index.DocumentsWriter.updateDocument(DocumentsWriter.java:478)
	at org.apache.lucene.index.IndexWriter.updateDocument(IndexWriter.java:1562)
	at org.apache.solr.update.DirectUpdateHandler2.doNormalUpdate(DirectUpdateHandler2.java:282)
	at org.apache.solr.update.DirectUpdateHandler2.addDoc0(DirectUpdateHandler2.java:214)
	at org.apache.solr.update.DirectUpdateHandler2.addDoc(DirectUpdateHandler2.java:169)
	at org.apache.solr.update.processor.RunUpdateProcessor.processAdd(RunUpdateProcessorFactory.java:67)
	at org.apache.solr.update.processor.UpdateRequestProcessor.processAdd(UpdateRequestProcessor.java:48)
	at org.apache.solr.update.processor.DistributedUpdateProcessor.doLocalAdd(DistributedUpdateProcessor.java:939)
	at org.apache.solr.update.processor.DistributedUpdateProcessor.versionAdd(DistributedUpdateProcessor.java:1094)
	at org.apache.solr.update.processor.DistributedUpdateProcessor.processAdd(DistributedUpdateProcessor.java:720)
	at org.apache.solr.update.processor.LogUpdateProcessorFactory$LogUpdateProcessor.processAdd(LogUpdateProcessorFactory.java:103)
	at org.apache.solr.handler.loader.JavabinLoader$1.update(JavabinLoader.java:97)
	at org.apache.solr.client.solrj.request.JavaBinUpdateRequestCodec$1.readOuterMostDocIterator(JavaBinUpdateRequestCodec.java:179)
	at org.apache.solr.client.solrj.request.JavaBinUpdateRequestCodec$1.readIterator(JavaBinUpdateRequestCodec.java:135)
	at org.apache.solr.common.util.JavaBinCodec.readVal(JavaBinCodec.java:274)
	at org.apache.solr.client.solrj.request.JavaBinUpdateRequestCodec$1.readNamedList(JavaBinUpdateRequestCodec.java:121)
	at org.apache.solr.common.util.JavaBinCodec.readVal(JavaBinCodec.java:239)
	at org.apache.solr.common.util.JavaBinCodec.unmarshal(JavaBinCodec.java:157)
	at org.apache.solr.client.solrj.request.JavaBinUpdateRequestCodec.unmarshal(JavaBinUpdateRequestCodec.java:186)
	at org.apache.solr.handler.loader.JavabinLoader.parseAndLoadDocs(JavabinLoader.java:107)
	at org.apache.solr.handler.loader.JavabinLoader.load(JavabinLoader.java:54)
	at org.apache.solr.handler.UpdateRequestHandler$1.load(UpdateRequestHandler.java:97)
	at org.apache.solr.handler.ContentStreamHandlerBase.handleRequestBody(ContentStreamHandlerBase.java:68)
	at org.apache.solr.handler.RequestHandlerBase.handleRequest(RequestHandlerBase.java:154)
	at org.apache.solr.core.SolrCore.execute(SolrCore.java:2089)
	at org.apache.solr.servlet.HttpSolrCall.execute(HttpSolrCall.java:652)
	at org.apache.solr.servlet.HttpSolrCall.call(HttpSolrCall.java:459)
	at org.apache.solr.servlet.SolrDispatchFilter.doFilter(SolrDispatchFilter.java:257)
	at org.apache.solr.servlet.SolrDispatchFilter.doFilter(SolrDispatchFilter.java:208)
	at org.apache.catalina.core.ApplicationFilterChain.internalDoFilter(ApplicationFilterChain.java:240)
	at org.apache.catalina.core.ApplicationFilterChain.doFilter(ApplicationFilterChain.java:207)
	at org.apache.catalina.core.StandardWrapperValve.invoke(StandardWrapperValve.java:212)
	at org.apache.catalina.core.StandardContextValve.invoke(StandardContextValve.java:94)
	at org.apache.catalina.authenticator.AuthenticatorBase.invoke(AuthenticatorBase.java:496)
	at org.apache.catalina.core.StandardHostValve.invoke(StandardHostValve.java:141)
	at org.apache.catalina.valves.ErrorReportValve.invoke(ErrorReportValve.java:79)
	at org.apache.catalina.valves.AbstractAccessLogValve.invoke(AbstractAccessLogValve.java:620)
	at org.apache.catalina.core.StandardEngineValve.invoke(StandardEngineValve.java:88)
	at org.apache.catalina.connector.CoyoteAdapter.service(CoyoteAdapter.java:502)
	at org.apache.coyote.http11.AbstractHttp11Processor.process(AbstractHttp11Processor.java:1132)
	at org.apache.coyote.AbstractProtocol$AbstractConnectionHandler.process(AbstractProtocol.java:684)
	at org.apache.tomcat.util.net.AprEndpoint$SocketProcessor.doRun(AprEndpoint.java:2527)
	at org.apache.tomcat.util.net.AprEndpoint$SocketProcessor.run(AprEndpoint.java:2516)
	at java.util.concurrent.ThreadPoolExecutor.runWorker(ThreadPoolExecutor.java:1142)
	at java.util.concurrent.ThreadPoolExecutor$Worker.run(ThreadPoolExecutor.java:617)
	at org.apache.tomcat.util.threads.TaskThread$WrappingRunnable.run(TaskThread.java:61)
	at java.lang.Thread.run(Thread.java:748)

18-Apr-2018 15:06:21.638 严重 [http-apr-8100-exec-9] org.apache.catalina.core.StandardWrapperValve.invoke Servlet.service() for servlet [default] in context with path [/solr] threw exception [Filter execution threw an exception] with root cause
 java.lang.AbstractMethodError
	at org.apache.lucene.analysis.AnalyzerWrapper.createComponents(AnalyzerWrapper.java:101)
	at org.apache.lucene.analysis.AnalyzerWrapper.createComponents(AnalyzerWrapper.java:101)
	at org.apache.lucene.analysis.Analyzer.tokenStream(Analyzer.java:198)
	at org.apache.lucene.document.Field.tokenStream(Field.java:570)
	at org.apache.lucene.index.DefaultIndexingChain$PerField.invert(DefaultIndexingChain.java:708)
	at org.apache.lucene.index.DefaultIndexingChain.processField(DefaultIndexingChain.java:417)
	at org.apache.lucene.index.DefaultIndexingChain.processDocument(DefaultIndexingChain.java:373)
	at org.apache.lucene.index.DocumentsWriterPerThread.updateDocument(DocumentsWriterPerThread.java:231)
	at org.apache.lucene.index.DocumentsWriter.updateDocument(DocumentsWriter.java:478)
	at org.apache.lucene.index.IndexWriter.updateDocument(IndexWriter.java:1562)
	at org.apache.solr.update.DirectUpdateHandler2.doNormalUpdate(DirectUpdateHandler2.java:282)
	at org.apache.solr.update.DirectUpdateHandler2.addDoc0(DirectUpdateHandler2.java:214)
	at org.apache.solr.update.DirectUpdateHandler2.addDoc(DirectUpdateHandler2.java:169)
	at org.apache.solr.update.processor.RunUpdateProcessor.processAdd(RunUpdateProcessorFactory.java:67)
	at org.apache.solr.update.processor.UpdateRequestProcessor.processAdd(UpdateRequestProcessor.java:48)
	at org.apache.solr.update.processor.DistributedUpdateProcessor.doLocalAdd(DistributedUpdateProcessor.java:939)
	at org.apache.solr.update.processor.DistributedUpdateProcessor.versionAdd(DistributedUpdateProcessor.java:1094)
	at org.apache.solr.update.processor.DistributedUpdateProcessor.processAdd(DistributedUpdateProcessor.java:720)
	at org.apache.solr.update.processor.LogUpdateProcessorFactory$LogUpdateProcessor.processAdd(LogUpdateProcessorFactory.java:103)
	at org.apache.solr.handler.loader.JsonLoader$SingleThreadedJsonLoader.handleAdds(JsonLoader.java:492)
	at org.apache.solr.handler.loader.JsonLoader$SingleThreadedJsonLoader.processUpdate(JsonLoader.java:139)
	at org.apache.solr.handler.loader.JsonLoader$SingleThreadedJsonLoader.load(JsonLoader.java:115)
	at org.apache.solr.handler.loader.JsonLoader.load(JsonLoader.java:78)
	at org.apache.solr.handler.UpdateRequestHandler$1.load(UpdateRequestHandler.java:97)
	at org.apache.solr.handler.ContentStreamHandlerBase.handleRequestBody(ContentStreamHandlerBase.java:68)
	at org.apache.solr.handler.RequestHandlerBase.handleRequest(RequestHandlerBase.java:154)
	at org.apache.solr.core.SolrCore.execute(SolrCore.java:2089)
	at org.apache.solr.servlet.HttpSolrCall.execute(HttpSolrCall.java:652)
	at org.apache.solr.servlet.HttpSolrCall.call(HttpSolrCall.java:459)
	at org.apache.solr.servlet.SolrDispatchFilter.doFilter(SolrDispatchFilter.java:257)
	at org.apache.solr.servlet.SolrDispatchFilter.doFilter(SolrDispatchFilter.java:208)
	at org.apache.catalina.core.ApplicationFilterChain.internalDoFilter(ApplicationFilterChain.java:240)
	at org.apache.catalina.core.ApplicationFilterChain.doFilter(ApplicationFilterChain.java:207)
	at org.apache.catalina.core.StandardWrapperValve.invoke(StandardWrapperValve.java:212)
	at org.apache.catalina.core.StandardContextValve.invoke(StandardContextValve.java:94)
	at org.apache.catalina.authenticator.AuthenticatorBase.invoke(AuthenticatorBase.java:496)
	at org.apache.catalina.core.StandardHostValve.invoke(StandardHostValve.java:141)
	at org.apache.catalina.valves.ErrorReportValve.invoke(ErrorReportValve.java:79)
	at org.apache.catalina.valves.AbstractAccessLogValve.invoke(AbstractAccessLogValve.java:620)
	at org.apache.catalina.core.StandardEngineValve.invoke(StandardEngineValve.java:88)
	at org.apache.catalina.connector.CoyoteAdapter.service(CoyoteAdapter.java:502)
	at org.apache.coyote.http11.AbstractHttp11Processor.process(AbstractHttp11Processor.java:1132)
	at org.apache.coyote.AbstractProtocol$AbstractConnectionHandler.process(AbstractProtocol.java:684)
	at org.apache.tomcat.util.net.AprEndpoint$SocketProcessor.doRun(AprEndpoint.java:2527)
	at org.apache.tomcat.util.net.AprEndpoint$SocketProcessor.run(AprEndpoint.java:2516)
	at java.util.concurrent.ThreadPoolExecutor.runWorker(ThreadPoolExecutor.java:1142)
	at java.util.concurrent.ThreadPoolExecutor$Worker.run(ThreadPoolExecutor.java:617)
	at org.apache.tomcat.util.threads.TaskThread$WrappingRunnable.run(TaskThread.java:61)
	at java.lang.Thread.run(Thread.java:748)

18-Apr-2018 15:06:41.638 严重 [http-apr-8100-exec-4] org.apache.catalina.core.StandardWrapperValve.invoke Servlet.service() for servlet [default] in context with path [/solr] threw exception [Filter execution threw an exception] with root cause
 java.lang.AbstractMethodError
	at org.apache.lucene.analysis.AnalyzerWrapper.createComponents(AnalyzerWrapper.java:101)
	at org.apache.lucene.analysis.AnalyzerWrapper.createComponents(AnalyzerWrapper.java:101)
	at org.apache.lucene.analysis.Analyzer.tokenStream(Analyzer.java:198)
	at org.apache.lucene.document.Field.tokenStream(Field.java:570)
	at org.apache.lucene.index.DefaultIndexingChain$PerField.invert(DefaultIndexingChain.java:708)
	at org.apache.lucene.index.DefaultIndexingChain.processField(DefaultIndexingChain.java:417)
	at org.apache.lucene.index.DefaultIndexingChain.processDocument(DefaultIndexingChain.java:373)
	at org.apache.lucene.index.DocumentsWriterPerThread.updateDocument(DocumentsWriterPerThread.java:231)
	at org.apache.lucene.index.DocumentsWriter.updateDocument(DocumentsWriter.java:478)
	at org.apache.lucene.index.IndexWriter.updateDocument(IndexWriter.java:1562)
	at org.apache.solr.update.DirectUpdateHandler2.doNormalUpdate(DirectUpdateHandler2.java:282)
	at org.apache.solr.update.DirectUpdateHandler2.addDoc0(DirectUpdateHandler2.java:214)
	at org.apache.solr.update.DirectUpdateHandler2.addDoc(DirectUpdateHandler2.java:169)
	at org.apache.solr.update.processor.RunUpdateProcessor.processAdd(RunUpdateProcessorFactory.java:67)
	at org.apache.solr.update.processor.UpdateRequestProcessor.processAdd(UpdateRequestProcessor.java:48)
	at org.apache.solr.update.processor.DistributedUpdateProcessor.doLocalAdd(DistributedUpdateProcessor.java:939)
	at org.apache.solr.update.processor.DistributedUpdateProcessor.versionAdd(DistributedUpdateProcessor.java:1094)
	at org.apache.solr.update.processor.DistributedUpdateProcessor.processAdd(DistributedUpdateProcessor.java:720)
	at org.apache.solr.update.processor.LogUpdateProcessorFactory$LogUpdateProcessor.processAdd(LogUpdateProcessorFactory.java:103)
	at org.apache.solr.handler.loader.JsonLoader$SingleThreadedJsonLoader.handleAdds(JsonLoader.java:492)
	at org.apache.solr.handler.loader.JsonLoader$SingleThreadedJsonLoader.processUpdate(JsonLoader.java:139)
	at org.apache.solr.handler.loader.JsonLoader$SingleThreadedJsonLoader.load(JsonLoader.java:115)
	at org.apache.solr.handler.loader.JsonLoader.load(JsonLoader.java:78)
	at org.apache.solr.handler.UpdateRequestHandler$1.load(UpdateRequestHandler.java:97)
	at org.apache.solr.handler.ContentStreamHandlerBase.handleRequestBody(ContentStreamHandlerBase.java:68)
	at org.apache.solr.handler.RequestHandlerBase.handleRequest(RequestHandlerBase.java:154)
	at org.apache.solr.core.SolrCore.execute(SolrCore.java:2089)
	at org.apache.solr.servlet.HttpSolrCall.execute(HttpSolrCall.java:652)
	at org.apache.solr.servlet.HttpSolrCall.call(HttpSolrCall.java:459)
	at org.apache.solr.servlet.SolrDispatchFilter.doFilter(SolrDispatchFilter.java:257)
	at org.apache.solr.servlet.SolrDispatchFilter.doFilter(SolrDispatchFilter.java:208)
	at org.apache.catalina.core.ApplicationFilterChain.internalDoFilter(ApplicationFilterChain.java:240)
	at org.apache.catalina.core.ApplicationFilterChain.doFilter(ApplicationFilterChain.java:207)
	at org.apache.catalina.core.StandardWrapperValve.invoke(StandardWrapperValve.java:212)
	at org.apache.catalina.core.StandardContextValve.invoke(StandardContextValve.java:94)
	at org.apache.catalina.authenticator.AuthenticatorBase.invoke(AuthenticatorBase.java:496)
	at org.apache.catalina.core.StandardHostValve.invoke(StandardHostValve.java:141)
	at org.apache.catalina.valves.ErrorReportValve.invoke(ErrorReportValve.java:79)
	at org.apache.catalina.valves.AbstractAccessLogValve.invoke(AbstractAccessLogValve.java:620)
	at org.apache.catalina.core.StandardEngineValve.invoke(StandardEngineValve.java:88)
	at org.apache.catalina.connector.CoyoteAdapter.service(CoyoteAdapter.java:502)
	at org.apache.coyote.http11.AbstractHttp11Processor.process(AbstractHttp11Processor.java:1132)
	at org.apache.coyote.AbstractProtocol$AbstractConnectionHandler.process(AbstractProtocol.java:684)
	at org.apache.tomcat.util.net.AprEndpoint$SocketProcessor.doRun(AprEndpoint.java:2527)
	at org.apache.tomcat.util.net.AprEndpoint$SocketProcessor.run(AprEndpoint.java:2516)
	at java.util.concurrent.ThreadPoolExecutor.runWorker(ThreadPoolExecutor.java:1142)
	at java.util.concurrent.ThreadPoolExecutor$Worker.run(ThreadPoolExecutor.java:617)
	at org.apache.tomcat.util.threads.TaskThread$WrappingRunnable.run(TaskThread.java:61)
	at java.lang.Thread.run(Thread.java:748)

18-Apr-2018 15:07:40.289 严重 [http-apr-8100-exec-10] org.apache.catalina.core.StandardWrapperValve.invoke Servlet.service() for servlet [default] in context with path [/solr] threw exception [Filter execution threw an exception] with root cause
 java.lang.AbstractMethodError
	at org.apache.lucene.analysis.Analyzer.tokenStream(Analyzer.java:198)
	at org.apache.solr.handler.AnalysisRequestHandlerBase.analyzeValue(AnalysisRequestHandlerBase.java:100)
	at org.apache.solr.handler.FieldAnalysisRequestHandler.analyzeValues(FieldAnalysisRequestHandler.java:220)
	at org.apache.solr.handler.FieldAnalysisRequestHandler.handleAnalysisRequest(FieldAnalysisRequestHandler.java:189)
	at org.apache.solr.handler.FieldAnalysisRequestHandler.doAnalysis(FieldAnalysisRequestHandler.java:101)
	at org.apache.solr.handler.AnalysisRequestHandlerBase.handleRequestBody(AnalysisRequestHandlerBase.java:72)
	at org.apache.solr.handler.RequestHandlerBase.handleRequest(RequestHandlerBase.java:154)
	at org.apache.solr.core.SolrCore.execute(SolrCore.java:2089)
	at org.apache.solr.servlet.HttpSolrCall.execute(HttpSolrCall.java:652)
	at org.apache.solr.servlet.HttpSolrCall.call(HttpSolrCall.java:459)
	at org.apache.solr.servlet.SolrDispatchFilter.doFilter(SolrDispatchFilter.java:257)
	at org.apache.solr.servlet.SolrDispatchFilter.doFilter(SolrDispatchFilter.java:208)
	at org.apache.catalina.core.ApplicationFilterChain.internalDoFilter(ApplicationFilterChain.java:240)
	at org.apache.catalina.core.ApplicationFilterChain.doFilter(ApplicationFilterChain.java:207)
	at org.apache.catalina.core.StandardWrapperValve.invoke(StandardWrapperValve.java:212)
	at org.apache.catalina.core.StandardContextValve.invoke(StandardContextValve.java:94)
	at org.apache.catalina.authenticator.AuthenticatorBase.invoke(AuthenticatorBase.java:496)
	at org.apache.catalina.core.StandardHostValve.invoke(StandardHostValve.java:141)
	at org.apache.catalina.valves.ErrorReportValve.invoke(ErrorReportValve.java:79)
	at org.apache.catalina.valves.AbstractAccessLogValve.invoke(AbstractAccessLogValve.java:620)
	at org.apache.catalina.core.StandardEngineValve.invoke(StandardEngineValve.java:88)
	at org.apache.catalina.connector.CoyoteAdapter.service(CoyoteAdapter.java:502)
	at org.apache.coyote.http11.AbstractHttp11Processor.process(AbstractHttp11Processor.java:1132)
	at org.apache.coyote.AbstractProtocol$AbstractConnectionHandler.process(AbstractProtocol.java:684)
	at org.apache.tomcat.util.net.AprEndpoint$SocketProcessor.doRun(AprEndpoint.java:2527)
	at org.apache.tomcat.util.net.AprEndpoint$SocketProcessor.run(AprEndpoint.java:2516)
	at java.util.concurrent.ThreadPoolExecutor.runWorker(ThreadPoolExecutor.java:1142)
	at java.util.concurrent.ThreadPoolExecutor$Worker.run(ThreadPoolExecutor.java:617)
	at org.apache.tomcat.util.threads.TaskThread$WrappingRunnable.run(TaskThread.java:61)
	at java.lang.Thread.run(Thread.java:748)

18-Apr-2018 15:08:14.363 严重 [http-apr-8100-exec-5] org.apache.catalina.core.StandardWrapperValve.invoke Servlet.service() for servlet [default] in context with path [/solr] threw exception [Filter execution threw an exception] with root cause
 java.lang.AbstractMethodError
	at org.apache.lucene.analysis.Analyzer.tokenStream(Analyzer.java:198)
	at org.apache.solr.handler.AnalysisRequestHandlerBase.analyzeValue(AnalysisRequestHandlerBase.java:100)
	at org.apache.solr.handler.FieldAnalysisRequestHandler.analyzeValues(FieldAnalysisRequestHandler.java:220)
	at org.apache.solr.handler.FieldAnalysisRequestHandler.handleAnalysisRequest(FieldAnalysisRequestHandler.java:189)
	at org.apache.solr.handler.FieldAnalysisRequestHandler.doAnalysis(FieldAnalysisRequestHandler.java:101)
	at org.apache.solr.handler.AnalysisRequestHandlerBase.handleRequestBody(AnalysisRequestHandlerBase.java:72)
	at org.apache.solr.handler.RequestHandlerBase.handleRequest(RequestHandlerBase.java:154)
	at org.apache.solr.core.SolrCore.execute(SolrCore.java:2089)
	at org.apache.solr.servlet.HttpSolrCall.execute(HttpSolrCall.java:652)
	at org.apache.solr.servlet.HttpSolrCall.call(HttpSolrCall.java:459)
	at org.apache.solr.servlet.SolrDispatchFilter.doFilter(SolrDispatchFilter.java:257)
	at org.apache.solr.servlet.SolrDispatchFilter.doFilter(SolrDispatchFilter.java:208)
	at org.apache.catalina.core.ApplicationFilterChain.internalDoFilter(ApplicationFilterChain.java:240)
	at org.apache.catalina.core.ApplicationFilterChain.doFilter(ApplicationFilterChain.java:207)
	at org.apache.catalina.core.StandardWrapperValve.invoke(StandardWrapperValve.java:212)
	at org.apache.catalina.core.StandardContextValve.invoke(StandardContextValve.java:94)
	at org.apache.catalina.authenticator.AuthenticatorBase.invoke(AuthenticatorBase.java:496)
	at org.apache.catalina.core.StandardHostValve.invoke(StandardHostValve.java:141)
	at org.apache.catalina.valves.ErrorReportValve.invoke(ErrorReportValve.java:79)
	at org.apache.catalina.valves.AbstractAccessLogValve.invoke(AbstractAccessLogValve.java:620)
	at org.apache.catalina.core.StandardEngineValve.invoke(StandardEngineValve.java:88)
	at org.apache.catalina.connector.CoyoteAdapter.service(CoyoteAdapter.java:502)
	at org.apache.coyote.http11.AbstractHttp11Processor.process(AbstractHttp11Processor.java:1132)
	at org.apache.coyote.AbstractProtocol$AbstractConnectionHandler.process(AbstractProtocol.java:684)
	at org.apache.tomcat.util.net.AprEndpoint$SocketProcessor.doRun(AprEndpoint.java:2527)
	at org.apache.tomcat.util.net.AprEndpoint$SocketProcessor.run(AprEndpoint.java:2516)
	at java.util.concurrent.ThreadPoolExecutor.runWorker(ThreadPoolExecutor.java:1142)
	at java.util.concurrent.ThreadPoolExecutor$Worker.run(ThreadPoolExecutor.java:617)
	at org.apache.tomcat.util.threads.TaskThread$WrappingRunnable.run(TaskThread.java:61)
	at java.lang.Thread.run(Thread.java:748)

18-Apr-2018 15:08:20.437 严重 [http-apr-8100-exec-2] org.apache.catalina.core.StandardWrapperValve.invoke Servlet.service() for servlet [default] in context with path [/solr] threw exception [Filter execution threw an exception] with root cause
 java.lang.AbstractMethodError
	at org.apache.lucene.analysis.Analyzer.tokenStream(Analyzer.java:198)
	at org.apache.solr.handler.AnalysisRequestHandlerBase.analyzeValue(AnalysisRequestHandlerBase.java:100)
	at org.apache.solr.handler.FieldAnalysisRequestHandler.analyzeValues(FieldAnalysisRequestHandler.java:220)
	at org.apache.solr.handler.FieldAnalysisRequestHandler.handleAnalysisRequest(FieldAnalysisRequestHandler.java:189)
	at org.apache.solr.handler.FieldAnalysisRequestHandler.doAnalysis(FieldAnalysisRequestHandler.java:101)
	at org.apache.solr.handler.AnalysisRequestHandlerBase.handleRequestBody(AnalysisRequestHandlerBase.java:72)
	at org.apache.solr.handler.RequestHandlerBase.handleRequest(RequestHandlerBase.java:154)
	at org.apache.solr.core.SolrCore.execute(SolrCore.java:2089)
	at org.apache.solr.servlet.HttpSolrCall.execute(HttpSolrCall.java:652)
	at org.apache.solr.servlet.HttpSolrCall.call(HttpSolrCall.java:459)
	at org.apache.solr.servlet.SolrDispatchFilter.doFilter(SolrDispatchFilter.java:257)
	at org.apache.solr.servlet.SolrDispatchFilter.doFilter(SolrDispatchFilter.java:208)
	at org.apache.catalina.core.ApplicationFilterChain.internalDoFilter(ApplicationFilterChain.java:240)
	at org.apache.catalina.core.ApplicationFilterChain.doFilter(ApplicationFilterChain.java:207)
	at org.apache.catalina.core.StandardWrapperValve.invoke(StandardWrapperValve.java:212)
	at org.apache.catalina.core.StandardContextValve.invoke(StandardContextValve.java:94)
	at org.apache.catalina.authenticator.AuthenticatorBase.invoke(AuthenticatorBase.java:496)
	at org.apache.catalina.core.StandardHostValve.invoke(StandardHostValve.java:141)
	at org.apache.catalina.valves.ErrorReportValve.invoke(ErrorReportValve.java:79)
	at org.apache.catalina.valves.AbstractAccessLogValve.invoke(AbstractAccessLogValve.java:620)
	at org.apache.catalina.core.StandardEngineValve.invoke(StandardEngineValve.java:88)
	at org.apache.catalina.connector.CoyoteAdapter.service(CoyoteAdapter.java:502)
	at org.apache.coyote.http11.AbstractHttp11Processor.process(AbstractHttp11Processor.java:1132)
	at org.apache.coyote.AbstractProtocol$AbstractConnectionHandler.process(AbstractProtocol.java:684)
	at org.apache.tomcat.util.net.AprEndpoint$SocketProcessor.doRun(AprEndpoint.java:2527)
	at org.apache.tomcat.util.net.AprEndpoint$SocketProcessor.run(AprEndpoint.java:2516)
	at java.util.concurrent.ThreadPoolExecutor.runWorker(ThreadPoolExecutor.java:1142)
	at java.util.concurrent.ThreadPoolExecutor$Worker.run(ThreadPoolExecutor.java:617)
	at org.apache.tomcat.util.threads.TaskThread$WrappingRunnable.run(TaskThread.java:61)
	at java.lang.Thread.run(Thread.java:748)

18-Apr-2018 15:21:11.426 信息 [localhost-startStop-2] org.apache.catalina.core.ApplicationContext.log SessionListener: contextDestroyed()
18-Apr-2018 15:21:11.426 信息 [localhost-startStop-2] org.apache.catalina.core.ApplicationContext.log ContextListener: contextDestroyed()
18-Apr-2018 15:21:55.050 信息 [localhost-startStop-1] org.apache.catalina.core.ApplicationContext.log ContextListener: contextInitialized()
18-Apr-2018 15:21:55.051 信息 [localhost-startStop-1] org.apache.catalina.core.ApplicationContext.log SessionListener: contextInitialized()
18-Apr-2018 15:21:55.054 信息 [localhost-startStop-1] org.apache.catalina.core.ApplicationContext.log ContextListener: attributeAdded('StockTicker', 'async.Stockticker@16a005e9')
